<?xml version="1.0" encoding="UTF-8" standalone="no"?>
<!DOCTYPE log SYSTEM "logger.dtd">
<log>
<record>
  <date>2019-02-18T19:14:49</date>
  <millis>1550497489705</millis>
  <sequence>0</sequence>
  <level>START</level>
  <class>com.kms.katalon.core.logging.XmlKeywordLogger</class>
  <method>startSuite</method>
  <thread>1</thread>
  <message>Start Test Suite : Test Suites/TC1</message>
  <nestedLevel>0</nestedLevel>
  <property name="name">TC1</property>
  <property name="description"></property>
  <property name="id">Test Suites/TC1</property>
</record>
<record>
  <date>2019-02-18T19:14:49</date>
  <millis>1550497489731</millis>
  <sequence>1</sequence>
  <level>RUN_DATA</level>
  <class>com.kms.katalon.core.logging.XmlKeywordLogger</class>
  <method>logMessage</method>
  <thread>1</thread>
  <message>hostName = dell - computer</message>
  <nestedLevel>0</nestedLevel>
  <property name="hostName">dell - computer</property>
</record>
<record>
  <date>2019-02-18T19:14:49</date>
  <millis>1550497489733</millis>
  <sequence>2</sequence>
  <level>RUN_DATA</level>
  <class>com.kms.katalon.core.logging.XmlKeywordLogger</class>
  <method>logMessage</method>
  <thread>1</thread>
  <message>os = Windows 8.1 64bit</message>
  <nestedLevel>0</nestedLevel>
  <property name="os">Windows 8.1 64bit</property>
</record>
<record>
  <date>2019-02-18T19:14:49</date>
  <millis>1550497489734</millis>
  <sequence>3</sequence>
  <level>RUN_DATA</level>
  <class>com.kms.katalon.core.logging.XmlKeywordLogger</class>
  <method>logMessage</method>
  <thread>1</thread>
  <message>hostAddress = 192.168.1.146</message>
  <nestedLevel>0</nestedLevel>
  <property name="hostAddress">192.168.1.146</property>
</record>
<record>
  <date>2019-02-18T19:14:49</date>
  <millis>1550497489736</millis>
  <sequence>4</sequence>
  <level>RUN_DATA</level>
  <class>com.kms.katalon.core.logging.XmlKeywordLogger</class>
  <method>logMessage</method>
  <thread>1</thread>
  <message>katalonVersion = 5.9.1.2</message>
  <nestedLevel>0</nestedLevel>
  <property name="katalonVersion">5.9.1.2</property>
</record>
<record>
  <date>2019-02-18T19:14:50</date>
  <millis>1550497490322</millis>
  <sequence>5</sequence>
  <level>START</level>
  <class>com.kms.katalon.core.logging.XmlKeywordLogger</class>
  <method>startTest</method>
  <thread>1</thread>
  <message>Start Test Case : Test Cases/TC3_CreateAccount</message>
  <nestedLevel>1</nestedLevel>
  <property name="name">Test Cases/TC3_CreateAccount</property>
  <property name="description"></property>
  <property name="id">Test Cases/TC3_CreateAccount</property>
  <property name="source">C:\\Users\\dell\\Katalon Studio\\Automation\\Test Cases\\TC3_CreateAccount.tc</property>
  <property name="isOptional">false</property>
</record>
<record>
  <date>2019-02-18T19:14:50</date>
  <millis>1550497490425</millis>
  <sequence>7</sequence>
  <level>INFO</level>
  <class>com.kms.katalon.core.logging.XmlKeywordLogger</class>
  <method>logMessage</method>
  <thread>1</thread>
  <message>email = Williamjohn@rhyta.com</message>
  <nestedLevel>1</nestedLevel>
</record>
<record>
  <date>2019-02-18T19:14:50</date>
  <millis>1550497490426</millis>
  <sequence>8</sequence>
  <level>INFO</level>
  <class>com.kms.katalon.core.logging.XmlKeywordLogger</class>
  <method>logMessage</method>
  <thread>1</thread>
  <message>firstname = William</message>
  <nestedLevel>1</nestedLevel>
</record>
<record>
  <date>2019-02-18T19:14:50</date>
  <millis>1550497490431</millis>
  <sequence>9</sequence>
  <level>INFO</level>
  <class>com.kms.katalon.core.logging.XmlKeywordLogger</class>
  <method>logMessage</method>
  <thread>1</thread>
  <message>lastname = Wiilaits</message>
  <nestedLevel>1</nestedLevel>
</record>
<record>
  <date>2019-02-18T19:14:50</date>
  <millis>1550497490432</millis>
  <sequence>10</sequence>
  <level>INFO</level>
  <class>com.kms.katalon.core.logging.XmlKeywordLogger</class>
  <method>logMessage</method>
  <thread>1</thread>
  <message>password = suchinaik</message>
  <nestedLevel>1</nestedLevel>
</record>
<record>
  <date>2019-02-18T19:14:50</date>
  <millis>1550497490433</millis>
  <sequence>11</sequence>
  <level>INFO</level>
  <class>com.kms.katalon.core.logging.XmlKeywordLogger</class>
  <method>logMessage</method>
  <thread>1</thread>
  <message>birthday = 23</message>
  <nestedLevel>1</nestedLevel>
</record>
<record>
  <date>2019-02-18T19:14:50</date>
  <millis>1550497490434</millis>
  <sequence>12</sequence>
  <level>INFO</level>
  <class>com.kms.katalon.core.logging.XmlKeywordLogger</class>
  <method>logMessage</method>
  <thread>1</thread>
  <message>birthmonth = 5</message>
  <nestedLevel>1</nestedLevel>
</record>
<record>
  <date>2019-02-18T19:14:50</date>
  <millis>1550497490436</millis>
  <sequence>13</sequence>
  <level>INFO</level>
  <class>com.kms.katalon.core.logging.XmlKeywordLogger</class>
  <method>logMessage</method>
  <thread>1</thread>
  <message>birthyear = 1997</message>
  <nestedLevel>1</nestedLevel>
</record>
<record>
  <date>2019-02-18T19:14:50</date>
  <millis>1550497490438</millis>
  <sequence>14</sequence>
  <level>INFO</level>
  <class>com.kms.katalon.core.logging.XmlKeywordLogger</class>
  <method>logMessage</method>
  <thread>1</thread>
  <message>company = narola</message>
  <nestedLevel>1</nestedLevel>
</record>
<record>
  <date>2019-02-18T19:14:50</date>
  <millis>1550497490439</millis>
  <sequence>15</sequence>
  <level>INFO</level>
  <class>com.kms.katalon.core.logging.XmlKeywordLogger</class>
  <method>logMessage</method>
  <thread>1</thread>
  <message>address1 = 1359 Graystone Lakes</message>
  <nestedLevel>1</nestedLevel>
</record>
<record>
  <date>2019-02-18T19:14:50</date>
  <millis>1550497490441</millis>
  <sequence>16</sequence>
  <level>INFO</level>
  <class>com.kms.katalon.core.logging.XmlKeywordLogger</class>
  <method>logMessage</method>
  <thread>1</thread>
  <message>address2 = Sandersville</message>
  <nestedLevel>1</nestedLevel>
</record>
<record>
  <date>2019-02-18T19:14:50</date>
  <millis>1550497490443</millis>
  <sequence>17</sequence>
  <level>INFO</level>
  <class>com.kms.katalon.core.logging.XmlKeywordLogger</class>
  <method>logMessage</method>
  <thread>1</thread>
  <message>city = Georgia</message>
  <nestedLevel>1</nestedLevel>
</record>
<record>
  <date>2019-02-18T19:14:50</date>
  <millis>1550497490446</millis>
  <sequence>18</sequence>
  <level>INFO</level>
  <class>com.kms.katalon.core.logging.XmlKeywordLogger</class>
  <method>logMessage</method>
  <thread>1</thread>
  <message>state = 9</message>
  <nestedLevel>1</nestedLevel>
</record>
<record>
  <date>2019-02-18T19:14:50</date>
  <millis>1550497490447</millis>
  <sequence>19</sequence>
  <level>INFO</level>
  <class>com.kms.katalon.core.logging.XmlKeywordLogger</class>
  <method>logMessage</method>
  <thread>1</thread>
  <message>postcode = 31082</message>
  <nestedLevel>1</nestedLevel>
</record>
<record>
  <date>2019-02-18T19:14:50</date>
  <millis>1550497490448</millis>
  <sequence>20</sequence>
  <level>INFO</level>
  <class>com.kms.katalon.core.logging.XmlKeywordLogger</class>
  <method>logMessage</method>
  <thread>1</thread>
  <message>phone = 7799746338</message>
  <nestedLevel>1</nestedLevel>
</record>
<record>
  <date>2019-02-18T19:14:52</date>
  <millis>1550497492026</millis>
  <sequence>21</sequence>
  <level>START</level>
  <class>com.kms.katalon.core.logging.XmlKeywordLogger</class>
  <method>startKeyword</method>
  <thread>1</thread>
  <message>Start action : openBrowser(\&amp;quot;\&amp;quot;)</message>
  <nestedLevel>1</nestedLevel>
  <property name="startLine">16</property>
  <property name="stepIndex">1</property>
</record>
<record>
  <date>2019-02-18T19:14:52</date>
  <millis>1550497492554</millis>
  <sequence>23</sequence>
  <level>INFO</level>
  <class>com.kms.katalon.core.logging.XmlKeywordLogger</class>
  <method>logMessage</method>
  <thread>1</thread>
  <message>Starting &amp;apos;Firefox&amp;apos; driver</message>
  <nestedLevel>1</nestedLevel>
</record>
<record>
  <date>2019-02-18T19:14:52</date>
  <millis>1550497492763</millis>
  <sequence>24</sequence>
  <level>INFO</level>
  <class>com.kms.katalon.core.logging.XmlKeywordLogger</class>
  <method>logMessage</method>
  <thread>1</thread>
  <message>Action delay is set to 0 seconds</message>
  <nestedLevel>1</nestedLevel>
</record>
<record>
  <date>2019-02-18T19:15:01</date>
  <millis>1550497501189</millis>
  <sequence>26</sequence>
  <level>RUN_DATA</level>
  <class>com.kms.katalon.core.logging.XmlKeywordLogger</class>
  <method>logMessage</method>
  <thread>1</thread>
  <message>sessionId = 4c58d974-48a8-40b9-bc9b-3a33ddf3b648</message>
  <nestedLevel>1</nestedLevel>
  <property name="sessionId">4c58d974-48a8-40b9-bc9b-3a33ddf3b648</property>
</record>
<record>
  <date>2019-02-18T19:15:01</date>
  <millis>1550497501247</millis>
  <sequence>27</sequence>
  <level>RUN_DATA</level>
  <class>com.kms.katalon.core.logging.XmlKeywordLogger</class>
  <method>logMessage</method>
  <thread>1</thread>
  <message>browser = Firefox 65.0</message>
  <nestedLevel>1</nestedLevel>
  <property name="browser">Firefox 65.0</property>
</record>
<record>
  <date>2019-02-18T19:15:01</date>
  <millis>1550497501248</millis>
  <sequence>28</sequence>
  <level>RUN_DATA</level>
  <class>com.kms.katalon.core.logging.XmlKeywordLogger</class>
  <method>logMessage</method>
  <thread>1</thread>
  <message>platform = Windows 8.1</message>
  <nestedLevel>1</nestedLevel>
  <property name="platform">Windows 8.1</property>
</record>
<record>
  <date>2019-02-18T19:15:01</date>
  <millis>1550497501249</millis>
  <sequence>29</sequence>
  <level>RUN_DATA</level>
  <class>com.kms.katalon.core.logging.XmlKeywordLogger</class>
  <method>logMessage</method>
  <thread>1</thread>
  <message>seleniumVersion = 3.7.1</message>
  <nestedLevel>1</nestedLevel>
  <property name="seleniumVersion">3.7.1</property>
</record>
<record>
  <date>2019-02-18T19:15:01</date>
  <millis>1550497501249</millis>
  <sequence>30</sequence>
  <level>RUN_DATA</level>
  <class>com.kms.katalon.core.logging.XmlKeywordLogger</class>
  <method>logMessage</method>
  <thread>1</thread>
  <message>proxyInformation = ProxyInformation{proxyOption=NO_PROXY, proxyServerType=HTTP, password=, proxyServerAddress=, proxyServerPort=0}</message>
  <nestedLevel>1</nestedLevel>
  <property name="proxyInformation">ProxyInformation{proxyOption=NO_PROXY, proxyServerType=HTTP, password=, proxyServerAddress=, proxyServerPort=0}</property>
</record>
<record>
  <date>2019-02-18T19:15:01</date>
  <millis>1550497501249</millis>
  <sequence>31</sequence>
  <level>PASSED</level>
  <class>com.kms.katalon.core.logging.XmlKeywordLogger</class>
  <method>logMessage</method>
  <thread>1</thread>
  <message>Browser is opened with url: &amp;apos;&amp;apos;</message>
  <nestedLevel>1</nestedLevel>
</record>
<record>
  <date>2019-02-18T19:15:01</date>
  <millis>1550497501249</millis>
  <sequence>32</sequence>
  <level>END</level>
  <class>com.kms.katalon.core.logging.XmlKeywordLogger</class>
  <method>endKeyword</method>
  <thread>1</thread>
  <message>End action : openBrowser(\&amp;quot;\&amp;quot;)</message>
  <nestedLevel>1</nestedLevel>
</record>
<record>
  <date>2019-02-18T19:15:01</date>
  <millis>1550497501249</millis>
  <sequence>33</sequence>
  <level>START</level>
  <class>com.kms.katalon.core.logging.XmlKeywordLogger</class>
  <method>startKeyword</method>
  <thread>1</thread>
  <message>Start action : navigateToUrl(\&amp;quot;http://automationpractice.com/index.php\&amp;quot;)</message>
  <nestedLevel>1</nestedLevel>
  <property name="startLine">18</property>
  <property name="stepIndex">2</property>
</record>
<record>
  <date>2019-02-18T19:15:07</date>
  <millis>1550497507501</millis>
  <sequence>36</sequence>
  <level>PASSED</level>
  <class>com.kms.katalon.core.logging.XmlKeywordLogger</class>
  <method>logMessage</method>
  <thread>1</thread>
  <message>Navigate to &amp;apos;http://automationpractice.com/index.php&amp;apos; successfully</message>
  <nestedLevel>1</nestedLevel>
</record>
<record>
  <date>2019-02-18T19:15:07</date>
  <millis>1550497507502</millis>
  <sequence>37</sequence>
  <level>END</level>
  <class>com.kms.katalon.core.logging.XmlKeywordLogger</class>
  <method>endKeyword</method>
  <thread>1</thread>
  <message>End action : navigateToUrl(\&amp;quot;http://automationpractice.com/index.php\&amp;quot;)</message>
  <nestedLevel>1</nestedLevel>
</record>
<record>
  <date>2019-02-18T19:15:07</date>
  <millis>1550497507503</millis>
  <sequence>38</sequence>
  <level>START</level>
  <class>com.kms.katalon.core.logging.XmlKeywordLogger</class>
  <method>startKeyword</method>
  <thread>1</thread>
  <message>Start action : click(findTestObject(\&amp;quot;Object Repository/CreateAccount/Page_My Store/a_Sign in\&amp;quot;))</message>
  <nestedLevel>1</nestedLevel>
  <property name="startLine">20</property>
  <property name="stepIndex">3</property>
</record>
<record>
  <date>2019-02-18T19:15:09</date>
  <millis>1550497509912</millis>
  <sequence>45</sequence>
  <level>PASSED</level>
  <class>com.kms.katalon.core.logging.XmlKeywordLogger</class>
  <method>logMessage</method>
  <thread>1</thread>
  <message>Object: &amp;apos;Object Repository/CreateAccount/Page_My Store/a_Sign in&amp;apos; is clicked on</message>
  <nestedLevel>1</nestedLevel>
</record>
<record>
  <date>2019-02-18T19:15:09</date>
  <millis>1550497509913</millis>
  <sequence>46</sequence>
  <level>END</level>
  <class>com.kms.katalon.core.logging.XmlKeywordLogger</class>
  <method>endKeyword</method>
  <thread>1</thread>
  <message>End action : click(findTestObject(\&amp;quot;Object Repository/CreateAccount/Page_My Store/a_Sign in\&amp;quot;))</message>
  <nestedLevel>1</nestedLevel>
</record>
<record>
  <date>2019-02-18T19:15:09</date>
  <millis>1550497509914</millis>
  <sequence>47</sequence>
  <level>START</level>
  <class>com.kms.katalon.core.logging.XmlKeywordLogger</class>
  <method>startKeyword</method>
  <thread>1</thread>
  <message>Start action : setText(findTestObject(\&amp;quot;Object Repository/CreateAccount/Page_Login - My Store/input_Email address_email_crea\&amp;quot;), email)</message>
  <nestedLevel>1</nestedLevel>
  <property name="startLine">22</property>
  <property name="stepIndex">4</property>
</record>
<record>
  <date>2019-02-18T19:15:10</date>
  <millis>1550497510177</millis>
  <sequence>59</sequence>
  <level>PASSED</level>
  <class>com.kms.katalon.core.logging.XmlKeywordLogger</class>
  <method>logMessage</method>
  <thread>1</thread>
  <message>Text &amp;apos;Williamjohn@rhyta.com&amp;apos; is set on object &amp;apos;Object Repository/CreateAccount/Page_Login - My Store/input_Email address_email_crea&amp;apos;</message>
  <nestedLevel>1</nestedLevel>
</record>
<record>
  <date>2019-02-18T19:15:10</date>
  <millis>1550497510180</millis>
  <sequence>60</sequence>
  <level>END</level>
  <class>com.kms.katalon.core.logging.XmlKeywordLogger</class>
  <method>endKeyword</method>
  <thread>1</thread>
  <message>End action : setText(findTestObject(\&amp;quot;Object Repository/CreateAccount/Page_Login - My Store/input_Email address_email_crea\&amp;quot;), email)</message>
  <nestedLevel>1</nestedLevel>
</record>
<record>
  <date>2019-02-18T19:15:10</date>
  <millis>1550497510181</millis>
  <sequence>61</sequence>
  <level>START</level>
  <class>com.kms.katalon.core.logging.XmlKeywordLogger</class>
  <method>startKeyword</method>
  <thread>1</thread>
  <message>Start action : click(findTestObject(\&amp;quot;Object Repository/CreateAccount/Page_Login - My Store/button_Create an account\&amp;quot;))</message>
  <nestedLevel>1</nestedLevel>
  <property name="startLine">24</property>
  <property name="stepIndex">5</property>
</record>
<record>
  <date>2019-02-18T19:15:10</date>
  <millis>1550497510553</millis>
  <sequence>68</sequence>
  <level>PASSED</level>
  <class>com.kms.katalon.core.logging.XmlKeywordLogger</class>
  <method>logMessage</method>
  <thread>1</thread>
  <message>Object: &amp;apos;Object Repository/CreateAccount/Page_Login - My Store/button_Create an account&amp;apos; is clicked on</message>
  <nestedLevel>1</nestedLevel>
</record>
<record>
  <date>2019-02-18T19:15:10</date>
  <millis>1550497510554</millis>
  <sequence>69</sequence>
  <level>END</level>
  <class>com.kms.katalon.core.logging.XmlKeywordLogger</class>
  <method>endKeyword</method>
  <thread>1</thread>
  <message>End action : click(findTestObject(\&amp;quot;Object Repository/CreateAccount/Page_Login - My Store/button_Create an account\&amp;quot;))</message>
  <nestedLevel>1</nestedLevel>
</record>
<record>
  <date>2019-02-18T19:15:10</date>
  <millis>1550497510554</millis>
  <sequence>70</sequence>
  <level>START</level>
  <class>com.kms.katalon.core.logging.XmlKeywordLogger</class>
  <method>startKeyword</method>
  <thread>1</thread>
  <message>Start action : click(findTestObject(\&amp;quot;CreateAccount/Page_Login - My Store/input_Mr._id_gender\&amp;quot;))</message>
  <nestedLevel>1</nestedLevel>
  <property name="startLine">26</property>
  <property name="stepIndex">6</property>
</record>
<record>
  <date>2019-02-18T19:15:12</date>
  <millis>1550497512481</millis>
  <sequence>77</sequence>
  <level>PASSED</level>
  <class>com.kms.katalon.core.logging.XmlKeywordLogger</class>
  <method>logMessage</method>
  <thread>1</thread>
  <message>Object: &amp;apos;Object Repository/CreateAccount/Page_Login - My Store/input_Mr._id_gender&amp;apos; is clicked on</message>
  <nestedLevel>1</nestedLevel>
</record>
<record>
  <date>2019-02-18T19:15:12</date>
  <millis>1550497512484</millis>
  <sequence>78</sequence>
  <level>END</level>
  <class>com.kms.katalon.core.logging.XmlKeywordLogger</class>
  <method>endKeyword</method>
  <thread>1</thread>
  <message>End action : click(findTestObject(\&amp;quot;CreateAccount/Page_Login - My Store/input_Mr._id_gender\&amp;quot;))</message>
  <nestedLevel>1</nestedLevel>
</record>
<record>
  <date>2019-02-18T19:15:12</date>
  <millis>1550497512484</millis>
  <sequence>79</sequence>
  <level>START</level>
  <class>com.kms.katalon.core.logging.XmlKeywordLogger</class>
  <method>startKeyword</method>
  <thread>1</thread>
  <message>Start action : setText(findTestObject(\&amp;quot;Object Repository/CreateAccount/Page_Login - My Store/input__customer_firstname\&amp;quot;), firstname)</message>
  <nestedLevel>1</nestedLevel>
  <property name="startLine">28</property>
  <property name="stepIndex">7</property>
</record>
<record>
  <date>2019-02-18T19:15:12</date>
  <millis>1550497512603</millis>
  <sequence>91</sequence>
  <level>PASSED</level>
  <class>com.kms.katalon.core.logging.XmlKeywordLogger</class>
  <method>logMessage</method>
  <thread>1</thread>
  <message>Text &amp;apos;William&amp;apos; is set on object &amp;apos;Object Repository/CreateAccount/Page_Login - My Store/input__customer_firstname&amp;apos;</message>
  <nestedLevel>1</nestedLevel>
</record>
<record>
  <date>2019-02-18T19:15:12</date>
  <millis>1550497512605</millis>
  <sequence>92</sequence>
  <level>END</level>
  <class>com.kms.katalon.core.logging.XmlKeywordLogger</class>
  <method>endKeyword</method>
  <thread>1</thread>
  <message>End action : setText(findTestObject(\&amp;quot;Object Repository/CreateAccount/Page_Login - My Store/input__customer_firstname\&amp;quot;), firstname)</message>
  <nestedLevel>1</nestedLevel>
</record>
<record>
  <date>2019-02-18T19:15:12</date>
  <millis>1550497512605</millis>
  <sequence>93</sequence>
  <level>START</level>
  <class>com.kms.katalon.core.logging.XmlKeywordLogger</class>
  <method>startKeyword</method>
  <thread>1</thread>
  <message>Start action : setText(findTestObject(\&amp;quot;Object Repository/CreateAccount/Page_Login - My Store/input__customer_lastname\&amp;quot;), lastname)</message>
  <nestedLevel>1</nestedLevel>
  <property name="startLine">30</property>
  <property name="stepIndex">8</property>
</record>
<record>
  <date>2019-02-18T19:15:12</date>
  <millis>1550497512744</millis>
  <sequence>105</sequence>
  <level>PASSED</level>
  <class>com.kms.katalon.core.logging.XmlKeywordLogger</class>
  <method>logMessage</method>
  <thread>1</thread>
  <message>Text &amp;apos;Wiilaits&amp;apos; is set on object &amp;apos;Object Repository/CreateAccount/Page_Login - My Store/input__customer_lastname&amp;apos;</message>
  <nestedLevel>1</nestedLevel>
</record>
<record>
  <date>2019-02-18T19:15:12</date>
  <millis>1550497512745</millis>
  <sequence>106</sequence>
  <level>END</level>
  <class>com.kms.katalon.core.logging.XmlKeywordLogger</class>
  <method>endKeyword</method>
  <thread>1</thread>
  <message>End action : setText(findTestObject(\&amp;quot;Object Repository/CreateAccount/Page_Login - My Store/input__customer_lastname\&amp;quot;), lastname)</message>
  <nestedLevel>1</nestedLevel>
</record>
<record>
  <date>2019-02-18T19:15:12</date>
  <millis>1550497512746</millis>
  <sequence>107</sequence>
  <level>START</level>
  <class>com.kms.katalon.core.logging.XmlKeywordLogger</class>
  <method>startKeyword</method>
  <thread>1</thread>
  <message>Start action : setText(findTestObject(\&amp;quot;Object Repository/CreateAccount/Page_Login - My Store/input__passwd\&amp;quot;), password)</message>
  <nestedLevel>1</nestedLevel>
  <property name="startLine">32</property>
  <property name="stepIndex">9</property>
</record>
<record>
  <date>2019-02-18T19:15:12</date>
  <millis>1550497512874</millis>
  <sequence>119</sequence>
  <level>PASSED</level>
  <class>com.kms.katalon.core.logging.XmlKeywordLogger</class>
  <method>logMessage</method>
  <thread>1</thread>
  <message>Text &amp;apos;suchinaik&amp;apos; is set on object &amp;apos;Object Repository/CreateAccount/Page_Login - My Store/input__passwd&amp;apos;</message>
  <nestedLevel>1</nestedLevel>
</record>
<record>
  <date>2019-02-18T19:15:12</date>
  <millis>1550497512876</millis>
  <sequence>120</sequence>
  <level>END</level>
  <class>com.kms.katalon.core.logging.XmlKeywordLogger</class>
  <method>endKeyword</method>
  <thread>1</thread>
  <message>End action : setText(findTestObject(\&amp;quot;Object Repository/CreateAccount/Page_Login - My Store/input__passwd\&amp;quot;), password)</message>
  <nestedLevel>1</nestedLevel>
</record>
<record>
  <date>2019-02-18T19:15:12</date>
  <millis>1550497512876</millis>
  <sequence>121</sequence>
  <level>START</level>
  <class>com.kms.katalon.core.logging.XmlKeywordLogger</class>
  <method>startKeyword</method>
  <thread>1</thread>
  <message>Start action : selectOptionByValue(findTestObject(\&amp;quot;Object Repository/CreateAccount/Page_Login - My Store/select_-1234567891011121314151\&amp;quot;), birthday, true)</message>
  <nestedLevel>1</nestedLevel>
  <property name="startLine">34</property>
  <property name="stepIndex">10</property>
</record>
<record>
  <date>2019-02-18T19:15:14</date>
  <millis>1550497514347</millis>
  <sequence>130</sequence>
  <level>PASSED</level>
  <class>com.kms.katalon.core.logging.XmlKeywordLogger</class>
  <method>logMessage</method>
  <thread>1</thread>
  <message>All options with value &amp;apos;23&amp;apos; are selected in object &amp;apos;Object Repository/CreateAccount/Page_Login - My Store/select_-1234567891011121314151&amp;apos;  using regular expression</message>
  <nestedLevel>1</nestedLevel>
</record>
<record>
  <date>2019-02-18T19:15:14</date>
  <millis>1550497514348</millis>
  <sequence>131</sequence>
  <level>END</level>
  <class>com.kms.katalon.core.logging.XmlKeywordLogger</class>
  <method>endKeyword</method>
  <thread>1</thread>
  <message>End action : selectOptionByValue(findTestObject(\&amp;quot;Object Repository/CreateAccount/Page_Login - My Store/select_-1234567891011121314151\&amp;quot;), birthday, true)</message>
  <nestedLevel>1</nestedLevel>
</record>
<record>
  <date>2019-02-18T19:15:14</date>
  <millis>1550497514349</millis>
  <sequence>132</sequence>
  <level>START</level>
  <class>com.kms.katalon.core.logging.XmlKeywordLogger</class>
  <method>startKeyword</method>
  <thread>1</thread>
  <message>Start action : selectOptionByValue(findTestObject(\&amp;quot;Object Repository/CreateAccount/Page_Login - My Store/select_-JanuaryFebruaryMarchAp\&amp;quot;), birthmonth, true)</message>
  <nestedLevel>1</nestedLevel>
  <property name="startLine">37</property>
  <property name="stepIndex">11</property>
</record>
<record>
  <date>2019-02-18T19:15:15</date>
  <millis>1550497515036</millis>
  <sequence>141</sequence>
  <level>PASSED</level>
  <class>com.kms.katalon.core.logging.XmlKeywordLogger</class>
  <method>logMessage</method>
  <thread>1</thread>
  <message>All options with value &amp;apos;5&amp;apos; are selected in object &amp;apos;Object Repository/CreateAccount/Page_Login - My Store/select_-JanuaryFebruaryMarchAp&amp;apos;  using regular expression</message>
  <nestedLevel>1</nestedLevel>
</record>
<record>
  <date>2019-02-18T19:15:15</date>
  <millis>1550497515037</millis>
  <sequence>142</sequence>
  <level>END</level>
  <class>com.kms.katalon.core.logging.XmlKeywordLogger</class>
  <method>endKeyword</method>
  <thread>1</thread>
  <message>End action : selectOptionByValue(findTestObject(\&amp;quot;Object Repository/CreateAccount/Page_Login - My Store/select_-JanuaryFebruaryMarchAp\&amp;quot;), birthmonth, true)</message>
  <nestedLevel>1</nestedLevel>
</record>
<record>
  <date>2019-02-18T19:15:15</date>
  <millis>1550497515038</millis>
  <sequence>143</sequence>
  <level>START</level>
  <class>com.kms.katalon.core.logging.XmlKeywordLogger</class>
  <method>startKeyword</method>
  <thread>1</thread>
  <message>Start action : selectOptionByValue(findTestObject(\&amp;quot;Object Repository/CreateAccount/Page_Login - My Store/select_-2019201820172016201520\&amp;quot;), birthyear, true)</message>
  <nestedLevel>1</nestedLevel>
  <property name="startLine">40</property>
  <property name="stepIndex">12</property>
</record>
<record>
  <date>2019-02-18T19:15:17</date>
  <millis>1550497517708</millis>
  <sequence>152</sequence>
  <level>PASSED</level>
  <class>com.kms.katalon.core.logging.XmlKeywordLogger</class>
  <method>logMessage</method>
  <thread>1</thread>
  <message>All options with value &amp;apos;1997&amp;apos; are selected in object &amp;apos;Object Repository/CreateAccount/Page_Login - My Store/select_-2019201820172016201520&amp;apos;  using regular expression</message>
  <nestedLevel>1</nestedLevel>
</record>
<record>
  <date>2019-02-18T19:15:17</date>
  <millis>1550497517710</millis>
  <sequence>153</sequence>
  <level>END</level>
  <class>com.kms.katalon.core.logging.XmlKeywordLogger</class>
  <method>endKeyword</method>
  <thread>1</thread>
  <message>End action : selectOptionByValue(findTestObject(\&amp;quot;Object Repository/CreateAccount/Page_Login - My Store/select_-2019201820172016201520\&amp;quot;), birthyear, true)</message>
  <nestedLevel>1</nestedLevel>
</record>
<record>
  <date>2019-02-18T19:15:17</date>
  <millis>1550497517711</millis>
  <sequence>154</sequence>
  <level>START</level>
  <class>com.kms.katalon.core.logging.XmlKeywordLogger</class>
  <method>startKeyword</method>
  <thread>1</thread>
  <message>Start action : setText(findTestObject(\&amp;quot;Object Repository/CreateAccount/Page_Login - My Store/input_Company_company\&amp;quot;), company)</message>
  <nestedLevel>1</nestedLevel>
  <property name="startLine">43</property>
  <property name="stepIndex">13</property>
</record>
<record>
  <date>2019-02-18T19:15:17</date>
  <millis>1550497517816</millis>
  <sequence>166</sequence>
  <level>PASSED</level>
  <class>com.kms.katalon.core.logging.XmlKeywordLogger</class>
  <method>logMessage</method>
  <thread>1</thread>
  <message>Text &amp;apos;narola&amp;apos; is set on object &amp;apos;Object Repository/CreateAccount/Page_Login - My Store/input_Company_company&amp;apos;</message>
  <nestedLevel>1</nestedLevel>
</record>
<record>
  <date>2019-02-18T19:15:17</date>
  <millis>1550497517817</millis>
  <sequence>167</sequence>
  <level>END</level>
  <class>com.kms.katalon.core.logging.XmlKeywordLogger</class>
  <method>endKeyword</method>
  <thread>1</thread>
  <message>End action : setText(findTestObject(\&amp;quot;Object Repository/CreateAccount/Page_Login - My Store/input_Company_company\&amp;quot;), company)</message>
  <nestedLevel>1</nestedLevel>
</record>
<record>
  <date>2019-02-18T19:15:17</date>
  <millis>1550497517817</millis>
  <sequence>168</sequence>
  <level>START</level>
  <class>com.kms.katalon.core.logging.XmlKeywordLogger</class>
  <method>startKeyword</method>
  <thread>1</thread>
  <message>Start action : setText(findTestObject(\&amp;quot;Object Repository/CreateAccount/Page_Login - My Store/input__address1\&amp;quot;), address1)</message>
  <nestedLevel>1</nestedLevel>
  <property name="startLine">45</property>
  <property name="stepIndex">14</property>
</record>
<record>
  <date>2019-02-18T19:15:17</date>
  <millis>1550497517973</millis>
  <sequence>180</sequence>
  <level>PASSED</level>
  <class>com.kms.katalon.core.logging.XmlKeywordLogger</class>
  <method>logMessage</method>
  <thread>1</thread>
  <message>Text &amp;apos;1359 Graystone Lakes&amp;apos; is set on object &amp;apos;Object Repository/CreateAccount/Page_Login - My Store/input__address1&amp;apos;</message>
  <nestedLevel>1</nestedLevel>
</record>
<record>
  <date>2019-02-18T19:15:17</date>
  <millis>1550497517975</millis>
  <sequence>181</sequence>
  <level>END</level>
  <class>com.kms.katalon.core.logging.XmlKeywordLogger</class>
  <method>endKeyword</method>
  <thread>1</thread>
  <message>End action : setText(findTestObject(\&amp;quot;Object Repository/CreateAccount/Page_Login - My Store/input__address1\&amp;quot;), address1)</message>
  <nestedLevel>1</nestedLevel>
</record>
<record>
  <date>2019-02-18T19:15:17</date>
  <millis>1550497517975</millis>
  <sequence>182</sequence>
  <level>START</level>
  <class>com.kms.katalon.core.logging.XmlKeywordLogger</class>
  <method>startKeyword</method>
  <thread>1</thread>
  <message>Start action : click(findTestObject(\&amp;quot;Object Repository/CreateAccount/Page_Login - My Store/p_Address (Line 2)Apartment su\&amp;quot;))</message>
  <nestedLevel>1</nestedLevel>
  <property name="startLine">47</property>
  <property name="stepIndex">15</property>
</record>
<record>
  <date>2019-02-18T19:15:18</date>
  <millis>1550497518237</millis>
  <sequence>189</sequence>
  <level>PASSED</level>
  <class>com.kms.katalon.core.logging.XmlKeywordLogger</class>
  <method>logMessage</method>
  <thread>1</thread>
  <message>Object: &amp;apos;Object Repository/CreateAccount/Page_Login - My Store/p_Address (Line 2)Apartment su&amp;apos; is clicked on</message>
  <nestedLevel>1</nestedLevel>
</record>
<record>
  <date>2019-02-18T19:15:18</date>
  <millis>1550497518238</millis>
  <sequence>190</sequence>
  <level>END</level>
  <class>com.kms.katalon.core.logging.XmlKeywordLogger</class>
  <method>endKeyword</method>
  <thread>1</thread>
  <message>End action : click(findTestObject(\&amp;quot;Object Repository/CreateAccount/Page_Login - My Store/p_Address (Line 2)Apartment su\&amp;quot;))</message>
  <nestedLevel>1</nestedLevel>
</record>
<record>
  <date>2019-02-18T19:15:18</date>
  <millis>1550497518238</millis>
  <sequence>191</sequence>
  <level>START</level>
  <class>com.kms.katalon.core.logging.XmlKeywordLogger</class>
  <method>startKeyword</method>
  <thread>1</thread>
  <message>Start action : setText(findTestObject(\&amp;quot;CreateAccount/Page_Login - My Store/input_Address (Line 2)_address\&amp;quot;), address2)</message>
  <nestedLevel>1</nestedLevel>
  <property name="startLine">49</property>
  <property name="stepIndex">16</property>
</record>
<record>
  <date>2019-02-18T19:15:18</date>
  <millis>1550497518357</millis>
  <sequence>203</sequence>
  <level>PASSED</level>
  <class>com.kms.katalon.core.logging.XmlKeywordLogger</class>
  <method>logMessage</method>
  <thread>1</thread>
  <message>Text &amp;apos;Sandersville&amp;apos; is set on object &amp;apos;Object Repository/CreateAccount/Page_Login - My Store/input_Address (Line 2)_address&amp;apos;</message>
  <nestedLevel>1</nestedLevel>
</record>
<record>
  <date>2019-02-18T19:15:18</date>
  <millis>1550497518359</millis>
  <sequence>204</sequence>
  <level>END</level>
  <class>com.kms.katalon.core.logging.XmlKeywordLogger</class>
  <method>endKeyword</method>
  <thread>1</thread>
  <message>End action : setText(findTestObject(\&amp;quot;CreateAccount/Page_Login - My Store/input_Address (Line 2)_address\&amp;quot;), address2)</message>
  <nestedLevel>1</nestedLevel>
</record>
<record>
  <date>2019-02-18T19:15:18</date>
  <millis>1550497518359</millis>
  <sequence>205</sequence>
  <level>START</level>
  <class>com.kms.katalon.core.logging.XmlKeywordLogger</class>
  <method>startKeyword</method>
  <thread>1</thread>
  <message>Start action : setText(findTestObject(\&amp;quot;Object Repository/CreateAccount/Page_Login - My Store/input__city\&amp;quot;), city)</message>
  <nestedLevel>1</nestedLevel>
  <property name="startLine">51</property>
  <property name="stepIndex">17</property>
</record>
<record>
  <date>2019-02-18T19:15:18</date>
  <millis>1550497518472</millis>
  <sequence>217</sequence>
  <level>PASSED</level>
  <class>com.kms.katalon.core.logging.XmlKeywordLogger</class>
  <method>logMessage</method>
  <thread>1</thread>
  <message>Text &amp;apos;Georgia&amp;apos; is set on object &amp;apos;Object Repository/CreateAccount/Page_Login - My Store/input__city&amp;apos;</message>
  <nestedLevel>1</nestedLevel>
</record>
<record>
  <date>2019-02-18T19:15:18</date>
  <millis>1550497518472</millis>
  <sequence>218</sequence>
  <level>END</level>
  <class>com.kms.katalon.core.logging.XmlKeywordLogger</class>
  <method>endKeyword</method>
  <thread>1</thread>
  <message>End action : setText(findTestObject(\&amp;quot;Object Repository/CreateAccount/Page_Login - My Store/input__city\&amp;quot;), city)</message>
  <nestedLevel>1</nestedLevel>
</record>
<record>
  <date>2019-02-18T19:15:18</date>
  <millis>1550497518472</millis>
  <sequence>219</sequence>
  <level>START</level>
  <class>com.kms.katalon.core.logging.XmlKeywordLogger</class>
  <method>startKeyword</method>
  <thread>1</thread>
  <message>Start action : selectOptionByValue(findTestObject(\&amp;quot;Object Repository/CreateAccount/Page_Login - My Store/select_-AlabamaAlaskaArizonaAr\&amp;quot;), state, true)</message>
  <nestedLevel>1</nestedLevel>
  <property name="startLine">53</property>
  <property name="stepIndex">18</property>
</record>
<record>
  <date>2019-02-18T19:15:19</date>
  <millis>1550497519834</millis>
  <sequence>228</sequence>
  <level>PASSED</level>
  <class>com.kms.katalon.core.logging.XmlKeywordLogger</class>
  <method>logMessage</method>
  <thread>1</thread>
  <message>All options with value &amp;apos;9&amp;apos; are selected in object &amp;apos;Object Repository/CreateAccount/Page_Login - My Store/select_-AlabamaAlaskaArizonaAr&amp;apos;  using regular expression</message>
  <nestedLevel>1</nestedLevel>
</record>
<record>
  <date>2019-02-18T19:15:19</date>
  <millis>1550497519834</millis>
  <sequence>229</sequence>
  <level>END</level>
  <class>com.kms.katalon.core.logging.XmlKeywordLogger</class>
  <method>endKeyword</method>
  <thread>1</thread>
  <message>End action : selectOptionByValue(findTestObject(\&amp;quot;Object Repository/CreateAccount/Page_Login - My Store/select_-AlabamaAlaskaArizonaAr\&amp;quot;), state, true)</message>
  <nestedLevel>1</nestedLevel>
</record>
<record>
  <date>2019-02-18T19:15:19</date>
  <millis>1550497519835</millis>
  <sequence>230</sequence>
  <level>START</level>
  <class>com.kms.katalon.core.logging.XmlKeywordLogger</class>
  <method>startKeyword</method>
  <thread>1</thread>
  <message>Start action : setText(findTestObject(\&amp;quot;Object Repository/CreateAccount/Page_Login - My Store/input__postcode\&amp;quot;), postcode)</message>
  <nestedLevel>1</nestedLevel>
  <property name="startLine">56</property>
  <property name="stepIndex">19</property>
</record>
<record>
  <date>2019-02-18T19:15:19</date>
  <millis>1550497519944</millis>
  <sequence>242</sequence>
  <level>PASSED</level>
  <class>com.kms.katalon.core.logging.XmlKeywordLogger</class>
  <method>logMessage</method>
  <thread>1</thread>
  <message>Text &amp;apos;31082&amp;apos; is set on object &amp;apos;Object Repository/CreateAccount/Page_Login - My Store/input__postcode&amp;apos;</message>
  <nestedLevel>1</nestedLevel>
</record>
<record>
  <date>2019-02-18T19:15:19</date>
  <millis>1550497519945</millis>
  <sequence>243</sequence>
  <level>END</level>
  <class>com.kms.katalon.core.logging.XmlKeywordLogger</class>
  <method>endKeyword</method>
  <thread>1</thread>
  <message>End action : setText(findTestObject(\&amp;quot;Object Repository/CreateAccount/Page_Login - My Store/input__postcode\&amp;quot;), postcode)</message>
  <nestedLevel>1</nestedLevel>
</record>
<record>
  <date>2019-02-18T19:15:19</date>
  <millis>1550497519945</millis>
  <sequence>244</sequence>
  <level>START</level>
  <class>com.kms.katalon.core.logging.XmlKeywordLogger</class>
  <method>startKeyword</method>
  <thread>1</thread>
  <message>Start action : setText(findTestObject(\&amp;quot;Object Repository/CreateAccount/Page_Login - My Store/input__phone_mobile\&amp;quot;), phone)</message>
  <nestedLevel>1</nestedLevel>
  <property name="startLine">58</property>
  <property name="stepIndex">20</property>
</record>
<record>
  <date>2019-02-18T19:15:20</date>
  <millis>1550497520044</millis>
  <sequence>256</sequence>
  <level>PASSED</level>
  <class>com.kms.katalon.core.logging.XmlKeywordLogger</class>
  <method>logMessage</method>
  <thread>1</thread>
  <message>Text &amp;apos;7799746338&amp;apos; is set on object &amp;apos;Object Repository/CreateAccount/Page_Login - My Store/input__phone_mobile&amp;apos;</message>
  <nestedLevel>1</nestedLevel>
</record>
<record>
  <date>2019-02-18T19:15:20</date>
  <millis>1550497520045</millis>
  <sequence>257</sequence>
  <level>END</level>
  <class>com.kms.katalon.core.logging.XmlKeywordLogger</class>
  <method>endKeyword</method>
  <thread>1</thread>
  <message>End action : setText(findTestObject(\&amp;quot;Object Repository/CreateAccount/Page_Login - My Store/input__phone_mobile\&amp;quot;), phone)</message>
  <nestedLevel>1</nestedLevel>
</record>
<record>
  <date>2019-02-18T19:15:20</date>
  <millis>1550497520045</millis>
  <sequence>258</sequence>
  <level>START</level>
  <class>com.kms.katalon.core.logging.XmlKeywordLogger</class>
  <method>startKeyword</method>
  <thread>1</thread>
  <message>Start action : click(findTestObject(\&amp;quot;Object Repository/CreateAccount/Page_Login - My Store/button_Register\&amp;quot;))</message>
  <nestedLevel>1</nestedLevel>
  <property name="startLine">60</property>
  <property name="stepIndex">21</property>
</record>
<record>
  <date>2019-02-18T19:15:22</date>
  <millis>1550497522312</millis>
  <sequence>265</sequence>
  <level>PASSED</level>
  <class>com.kms.katalon.core.logging.XmlKeywordLogger</class>
  <method>logMessage</method>
  <thread>1</thread>
  <message>Object: &amp;apos;Object Repository/CreateAccount/Page_Login - My Store/button_Register&amp;apos; is clicked on</message>
  <nestedLevel>1</nestedLevel>
</record>
<record>
  <date>2019-02-18T19:15:22</date>
  <millis>1550497522313</millis>
  <sequence>266</sequence>
  <level>END</level>
  <class>com.kms.katalon.core.logging.XmlKeywordLogger</class>
  <method>endKeyword</method>
  <thread>1</thread>
  <message>End action : click(findTestObject(\&amp;quot;Object Repository/CreateAccount/Page_Login - My Store/button_Register\&amp;quot;))</message>
  <nestedLevel>1</nestedLevel>
</record>
<record>
  <date>2019-02-18T19:15:22</date>
  <millis>1550497522314</millis>
  <sequence>267</sequence>
  <level>PASSED</level>
  <class>com.kms.katalon.core.logging.XmlKeywordLogger</class>
  <method>logMessage</method>
  <thread>1</thread>
  <message>Test Cases/TC3_CreateAccount</message>
  <nestedLevel>1</nestedLevel>
</record>
<record>
  <date>2019-02-18T19:15:24</date>
  <millis>1550497524407</millis>
  <sequence>268</sequence>
  <level>END</level>
  <class>com.kms.katalon.core.logging.XmlKeywordLogger</class>
  <method>endTest</method>
  <thread>1</thread>
  <message>End Test Case : Test Cases/TC3_CreateAccount</message>
  <nestedLevel>0</nestedLevel>
</record>
<record>
  <date>2019-02-18T19:15:24</date>
  <millis>1550497524408</millis>
  <sequence>269</sequence>
  <level>START</level>
  <class>com.kms.katalon.core.logging.XmlKeywordLogger</class>
  <method>startTest</method>
  <thread>1</thread>
  <message>Start Test Case : Test Cases/TC3_CreateAccount</message>
  <nestedLevel>1</nestedLevel>
  <property name="name">Test Cases/TC3_CreateAccount</property>
  <property name="description"></property>
  <property name="id">Test Cases/TC3_CreateAccount</property>
  <property name="source">C:\\Users\\dell\\Katalon Studio\\Automation\\Test Cases\\TC3_CreateAccount.tc</property>
  <property name="isOptional">false</property>
</record>
<record>
  <date>2019-02-18T19:15:24</date>
  <millis>1550497524458</millis>
  <sequence>271</sequence>
  <level>INFO</level>
  <class>com.kms.katalon.core.logging.XmlKeywordLogger</class>
  <method>logMessage</method>
  <thread>1</thread>
  <message>email = marybabe@rhyta.com</message>
  <nestedLevel>1</nestedLevel>
</record>
<record>
  <date>2019-02-18T19:15:24</date>
  <millis>1550497524458</millis>
  <sequence>272</sequence>
  <level>INFO</level>
  <class>com.kms.katalon.core.logging.XmlKeywordLogger</class>
  <method>logMessage</method>
  <thread>1</thread>
  <message>firstname = Mary</message>
  <nestedLevel>1</nestedLevel>
</record>
<record>
  <date>2019-02-18T19:15:24</date>
  <millis>1550497524458</millis>
  <sequence>273</sequence>
  <level>INFO</level>
  <class>com.kms.katalon.core.logging.XmlKeywordLogger</class>
  <method>logMessage</method>
  <thread>1</thread>
  <message>lastname = Baker</message>
  <nestedLevel>1</nestedLevel>
</record>
<record>
  <date>2019-02-18T19:15:24</date>
  <millis>1550497524474</millis>
  <sequence>274</sequence>
  <level>INFO</level>
  <class>com.kms.katalon.core.logging.XmlKeywordLogger</class>
  <method>logMessage</method>
  <thread>1</thread>
  <message>password = naiksuchi</message>
  <nestedLevel>1</nestedLevel>
</record>
<record>
  <date>2019-02-18T19:15:24</date>
  <millis>1550497524474</millis>
  <sequence>275</sequence>
  <level>INFO</level>
  <class>com.kms.katalon.core.logging.XmlKeywordLogger</class>
  <method>logMessage</method>
  <thread>1</thread>
  <message>birthday = 5</message>
  <nestedLevel>1</nestedLevel>
</record>
<record>
  <date>2019-02-18T19:15:24</date>
  <millis>1550497524474</millis>
  <sequence>276</sequence>
  <level>INFO</level>
  <class>com.kms.katalon.core.logging.XmlKeywordLogger</class>
  <method>logMessage</method>
  <thread>1</thread>
  <message>birthmonth = 7</message>
  <nestedLevel>1</nestedLevel>
</record>
<record>
  <date>2019-02-18T19:15:24</date>
  <millis>1550497524474</millis>
  <sequence>277</sequence>
  <level>INFO</level>
  <class>com.kms.katalon.core.logging.XmlKeywordLogger</class>
  <method>logMessage</method>
  <thread>1</thread>
  <message>birthyear = 1998</message>
  <nestedLevel>1</nestedLevel>
</record>
<record>
  <date>2019-02-18T19:15:24</date>
  <millis>1550497524474</millis>
  <sequence>278</sequence>
  <level>INFO</level>
  <class>com.kms.katalon.core.logging.XmlKeywordLogger</class>
  <method>logMessage</method>
  <thread>1</thread>
  <message>company = daydreamsoft</message>
  <nestedLevel>1</nestedLevel>
</record>
<record>
  <date>2019-02-18T19:15:24</date>
  <millis>1550497524474</millis>
  <sequence>279</sequence>
  <level>INFO</level>
  <class>com.kms.katalon.core.logging.XmlKeywordLogger</class>
  <method>logMessage</method>
  <thread>1</thread>
  <message>address1 = 1255 Sunburst Drive</message>
  <nestedLevel>1</nestedLevel>
</record>
<record>
  <date>2019-02-18T19:15:24</date>
  <millis>1550497524474</millis>
  <sequence>280</sequence>
  <level>INFO</level>
  <class>com.kms.katalon.core.logging.XmlKeywordLogger</class>
  <method>logMessage</method>
  <thread>1</thread>
  <message>address2 = Fort Myers</message>
  <nestedLevel>1</nestedLevel>
</record>
<record>
  <date>2019-02-18T19:15:24</date>
  <millis>1550497524474</millis>
  <sequence>281</sequence>
  <level>INFO</level>
  <class>com.kms.katalon.core.logging.XmlKeywordLogger</class>
  <method>logMessage</method>
  <thread>1</thread>
  <message>city = Florida</message>
  <nestedLevel>1</nestedLevel>
</record>
<record>
  <date>2019-02-18T19:15:24</date>
  <millis>1550497524474</millis>
  <sequence>282</sequence>
  <level>INFO</level>
  <class>com.kms.katalon.core.logging.XmlKeywordLogger</class>
  <method>logMessage</method>
  <thread>1</thread>
  <message>state = 10</message>
  <nestedLevel>1</nestedLevel>
</record>
<record>
  <date>2019-02-18T19:15:24</date>
  <millis>1550497524474</millis>
  <sequence>283</sequence>
  <level>INFO</level>
  <class>com.kms.katalon.core.logging.XmlKeywordLogger</class>
  <method>logMessage</method>
  <thread>1</thread>
  <message>postcode = 33901</message>
  <nestedLevel>1</nestedLevel>
</record>
<record>
  <date>2019-02-18T19:15:24</date>
  <millis>1550497524474</millis>
  <sequence>284</sequence>
  <level>INFO</level>
  <class>com.kms.katalon.core.logging.XmlKeywordLogger</class>
  <method>logMessage</method>
  <thread>1</thread>
  <message>phone = 7789646638</message>
  <nestedLevel>1</nestedLevel>
</record>
<record>
  <date>2019-02-18T19:15:24</date>
  <millis>1550497524492</millis>
  <sequence>285</sequence>
  <level>START</level>
  <class>com.kms.katalon.core.logging.XmlKeywordLogger</class>
  <method>startKeyword</method>
  <thread>1</thread>
  <message>Start action : openBrowser(\&amp;quot;\&amp;quot;)</message>
  <nestedLevel>1</nestedLevel>
  <property name="startLine">16</property>
  <property name="stepIndex">1</property>
</record>
<record>
  <date>2019-02-18T19:15:24</date>
  <millis>1550497524495</millis>
  <sequence>287</sequence>
  <level>WARNING</level>
  <class>com.kms.katalon.core.logging.XmlKeywordLogger</class>
  <method>logMessage</method>
  <thread>1</thread>
  <message>A browser is already opened. Closing browser and opening a new one</message>
  <nestedLevel>1</nestedLevel>
</record>
<record>
  <date>2019-02-18T19:15:26</date>
  <millis>1550497526396</millis>
  <sequence>288</sequence>
  <level>INFO</level>
  <class>com.kms.katalon.core.logging.XmlKeywordLogger</class>
  <method>logMessage</method>
  <thread>1</thread>
  <message>Starting &amp;apos;Firefox&amp;apos; driver</message>
  <nestedLevel>1</nestedLevel>
</record>
<record>
  <date>2019-02-18T19:15:32</date>
  <millis>1550497532221</millis>
  <sequence>290</sequence>
  <level>RUN_DATA</level>
  <class>com.kms.katalon.core.logging.XmlKeywordLogger</class>
  <method>logMessage</method>
  <thread>1</thread>
  <message>sessionId = 1b458e6c-f2fe-4d91-98a1-ea11f5391676</message>
  <nestedLevel>1</nestedLevel>
  <property name="sessionId">1b458e6c-f2fe-4d91-98a1-ea11f5391676</property>
</record>
<record>
  <date>2019-02-18T19:15:32</date>
  <millis>1550497532241</millis>
  <sequence>291</sequence>
  <level>RUN_DATA</level>
  <class>com.kms.katalon.core.logging.XmlKeywordLogger</class>
  <method>logMessage</method>
  <thread>1</thread>
  <message>browser = Firefox 65.0</message>
  <nestedLevel>1</nestedLevel>
  <property name="browser">Firefox 65.0</property>
</record>
<record>
  <date>2019-02-18T19:15:32</date>
  <millis>1550497532241</millis>
  <sequence>292</sequence>
  <level>RUN_DATA</level>
  <class>com.kms.katalon.core.logging.XmlKeywordLogger</class>
  <method>logMessage</method>
  <thread>1</thread>
  <message>platform = Windows 8.1</message>
  <nestedLevel>1</nestedLevel>
  <property name="platform">Windows 8.1</property>
</record>
<record>
  <date>2019-02-18T19:15:32</date>
  <millis>1550497532241</millis>
  <sequence>293</sequence>
  <level>RUN_DATA</level>
  <class>com.kms.katalon.core.logging.XmlKeywordLogger</class>
  <method>logMessage</method>
  <thread>1</thread>
  <message>seleniumVersion = 3.7.1</message>
  <nestedLevel>1</nestedLevel>
  <property name="seleniumVersion">3.7.1</property>
</record>
<record>
  <date>2019-02-18T19:15:32</date>
  <millis>1550497532241</millis>
  <sequence>294</sequence>
  <level>RUN_DATA</level>
  <class>com.kms.katalon.core.logging.XmlKeywordLogger</class>
  <method>logMessage</method>
  <thread>1</thread>
  <message>proxyInformation = ProxyInformation{proxyOption=NO_PROXY, proxyServerType=HTTP, password=, proxyServerAddress=, proxyServerPort=0}</message>
  <nestedLevel>1</nestedLevel>
  <property name="proxyInformation">ProxyInformation{proxyOption=NO_PROXY, proxyServerType=HTTP, password=, proxyServerAddress=, proxyServerPort=0}</property>
</record>
<record>
  <date>2019-02-18T19:15:32</date>
  <millis>1550497532241</millis>
  <sequence>295</sequence>
  <level>PASSED</level>
  <class>com.kms.katalon.core.logging.XmlKeywordLogger</class>
  <method>logMessage</method>
  <thread>1</thread>
  <message>Browser is opened with url: &amp;apos;&amp;apos;</message>
  <nestedLevel>1</nestedLevel>
</record>
<record>
  <date>2019-02-18T19:15:32</date>
  <millis>1550497532241</millis>
  <sequence>296</sequence>
  <level>END</level>
  <class>com.kms.katalon.core.logging.XmlKeywordLogger</class>
  <method>endKeyword</method>
  <thread>1</thread>
  <message>End action : openBrowser(\&amp;quot;\&amp;quot;)</message>
  <nestedLevel>1</nestedLevel>
</record>
<record>
  <date>2019-02-18T19:15:32</date>
  <millis>1550497532241</millis>
  <sequence>297</sequence>
  <level>START</level>
  <class>com.kms.katalon.core.logging.XmlKeywordLogger</class>
  <method>startKeyword</method>
  <thread>1</thread>
  <message>Start action : navigateToUrl(\&amp;quot;http://automationpractice.com/index.php\&amp;quot;)</message>
  <nestedLevel>1</nestedLevel>
  <property name="startLine">18</property>
  <property name="stepIndex">2</property>
</record>
<record>
  <date>2019-02-18T19:15:38</date>
  <millis>1550497538932</millis>
  <sequence>300</sequence>
  <level>PASSED</level>
  <class>com.kms.katalon.core.logging.XmlKeywordLogger</class>
  <method>logMessage</method>
  <thread>1</thread>
  <message>Navigate to &amp;apos;http://automationpractice.com/index.php&amp;apos; successfully</message>
  <nestedLevel>1</nestedLevel>
</record>
<record>
  <date>2019-02-18T19:15:38</date>
  <millis>1550497538933</millis>
  <sequence>301</sequence>
  <level>END</level>
  <class>com.kms.katalon.core.logging.XmlKeywordLogger</class>
  <method>endKeyword</method>
  <thread>1</thread>
  <message>End action : navigateToUrl(\&amp;quot;http://automationpractice.com/index.php\&amp;quot;)</message>
  <nestedLevel>1</nestedLevel>
</record>
<record>
  <date>2019-02-18T19:15:38</date>
  <millis>1550497538933</millis>
  <sequence>302</sequence>
  <level>START</level>
  <class>com.kms.katalon.core.logging.XmlKeywordLogger</class>
  <method>startKeyword</method>
  <thread>1</thread>
  <message>Start action : click(findTestObject(\&amp;quot;Object Repository/CreateAccount/Page_My Store/a_Sign in\&amp;quot;))</message>
  <nestedLevel>1</nestedLevel>
  <property name="startLine">20</property>
  <property name="stepIndex">3</property>
</record>
<record>
  <date>2019-02-18T19:15:41</date>
  <millis>1550497541848</millis>
  <sequence>309</sequence>
  <level>PASSED</level>
  <class>com.kms.katalon.core.logging.XmlKeywordLogger</class>
  <method>logMessage</method>
  <thread>1</thread>
  <message>Object: &amp;apos;Object Repository/CreateAccount/Page_My Store/a_Sign in&amp;apos; is clicked on</message>
  <nestedLevel>1</nestedLevel>
</record>
<record>
  <date>2019-02-18T19:15:41</date>
  <millis>1550497541850</millis>
  <sequence>310</sequence>
  <level>END</level>
  <class>com.kms.katalon.core.logging.XmlKeywordLogger</class>
  <method>endKeyword</method>
  <thread>1</thread>
  <message>End action : click(findTestObject(\&amp;quot;Object Repository/CreateAccount/Page_My Store/a_Sign in\&amp;quot;))</message>
  <nestedLevel>1</nestedLevel>
</record>
<record>
  <date>2019-02-18T19:15:41</date>
  <millis>1550497541850</millis>
  <sequence>311</sequence>
  <level>START</level>
  <class>com.kms.katalon.core.logging.XmlKeywordLogger</class>
  <method>startKeyword</method>
  <thread>1</thread>
  <message>Start action : setText(findTestObject(\&amp;quot;Object Repository/CreateAccount/Page_Login - My Store/input_Email address_email_crea\&amp;quot;), email)</message>
  <nestedLevel>1</nestedLevel>
  <property name="startLine">22</property>
  <property name="stepIndex">4</property>
</record>
<record>
  <date>2019-02-18T19:15:42</date>
  <millis>1550497542071</millis>
  <sequence>323</sequence>
  <level>PASSED</level>
  <class>com.kms.katalon.core.logging.XmlKeywordLogger</class>
  <method>logMessage</method>
  <thread>1</thread>
  <message>Text &amp;apos;marybabe@rhyta.com&amp;apos; is set on object &amp;apos;Object Repository/CreateAccount/Page_Login - My Store/input_Email address_email_crea&amp;apos;</message>
  <nestedLevel>1</nestedLevel>
</record>
<record>
  <date>2019-02-18T19:15:42</date>
  <millis>1550497542072</millis>
  <sequence>324</sequence>
  <level>END</level>
  <class>com.kms.katalon.core.logging.XmlKeywordLogger</class>
  <method>endKeyword</method>
  <thread>1</thread>
  <message>End action : setText(findTestObject(\&amp;quot;Object Repository/CreateAccount/Page_Login - My Store/input_Email address_email_crea\&amp;quot;), email)</message>
  <nestedLevel>1</nestedLevel>
</record>
<record>
  <date>2019-02-18T19:15:42</date>
  <millis>1550497542072</millis>
  <sequence>325</sequence>
  <level>START</level>
  <class>com.kms.katalon.core.logging.XmlKeywordLogger</class>
  <method>startKeyword</method>
  <thread>1</thread>
  <message>Start action : click(findTestObject(\&amp;quot;Object Repository/CreateAccount/Page_Login - My Store/button_Create an account\&amp;quot;))</message>
  <nestedLevel>1</nestedLevel>
  <property name="startLine">24</property>
  <property name="stepIndex">5</property>
</record>
<record>
  <date>2019-02-18T19:15:42</date>
  <millis>1550497542463</millis>
  <sequence>332</sequence>
  <level>PASSED</level>
  <class>com.kms.katalon.core.logging.XmlKeywordLogger</class>
  <method>logMessage</method>
  <thread>1</thread>
  <message>Object: &amp;apos;Object Repository/CreateAccount/Page_Login - My Store/button_Create an account&amp;apos; is clicked on</message>
  <nestedLevel>1</nestedLevel>
</record>
<record>
  <date>2019-02-18T19:15:42</date>
  <millis>1550497542465</millis>
  <sequence>333</sequence>
  <level>END</level>
  <class>com.kms.katalon.core.logging.XmlKeywordLogger</class>
  <method>endKeyword</method>
  <thread>1</thread>
  <message>End action : click(findTestObject(\&amp;quot;Object Repository/CreateAccount/Page_Login - My Store/button_Create an account\&amp;quot;))</message>
  <nestedLevel>1</nestedLevel>
</record>
<record>
  <date>2019-02-18T19:15:42</date>
  <millis>1550497542465</millis>
  <sequence>334</sequence>
  <level>START</level>
  <class>com.kms.katalon.core.logging.XmlKeywordLogger</class>
  <method>startKeyword</method>
  <thread>1</thread>
  <message>Start action : click(findTestObject(\&amp;quot;CreateAccount/Page_Login - My Store/input_Mr._id_gender\&amp;quot;))</message>
  <nestedLevel>1</nestedLevel>
  <property name="startLine">26</property>
  <property name="stepIndex">6</property>
</record>
<record>
  <date>2019-02-18T19:16:12</date>
  <millis>1550497572963</millis>
  <sequence>339</sequence>
  <level>INFO</level>
  <class>com.kms.katalon.core.logging.XmlKeywordLogger</class>
  <method>logMessage</method>
  <thread>1</thread>
  <message>Unable to find the element located by &amp;apos;By.xpath: //input[@id=&amp;apos;id_gender1&amp;apos;]&amp;apos;. Please recheck the objects properties to make sure the desired element is located. </message>
  <nestedLevel>1</nestedLevel>
</record>
<record>
  <date>2019-02-18T19:16:13</date>
  <millis>1550497573127</millis>
  <sequence>340</sequence>
  <level>FAILED</level>
  <class>com.kms.katalon.core.logging.XmlKeywordLogger</class>
  <method>logMessage</method>
  <thread>1</thread>
  <message>Unable to click on object &amp;apos;Object Repository/CreateAccount/Page_Login - My Store/input_Mr._id_gender&amp;apos; (Root cause: com.kms.katalon.core.webui.exception.WebElementNotFoundException: Web element with id: &amp;apos;Object Repository/CreateAccount/Page_Login - My Store/input_Mr._id_gender&amp;apos; located by &amp;apos;By.xpath: //input[@id=&amp;apos;id_gender1&amp;apos;]&amp;apos; not found)</message>
  <nestedLevel>1</nestedLevel>
  <property name="attachment">1550497572968.png</property>
</record>
<record>
  <date>2019-02-18T19:16:13</date>
  <millis>1550497573137</millis>
  <sequence>342</sequence>
  <logger>com.kms.katalon.core.logging.XmlKeywordLogger</logger>
  <level>FAILED</level>
  <class>com.kms.katalon.core.logging.XmlKeywordLogger</class>
  <method>logMessage</method>
  <thread>1</thread>
  <message>click(findTestObject(\&amp;quot;CreateAccount/Page_Login - My Store/input_Mr._id_gender\&amp;quot;)) FAILED.\nReason:\ncom.kms.katalon.core.exception.StepFailedException: Unable to click on object &amp;apos;Object Repository/CreateAccount/Page_Login - My Store/input_Mr._id_gender&amp;apos; (Root cause: com.kms.katalon.core.webui.exception.WebElementNotFoundException: Web element with id: &amp;apos;Object Repository/CreateAccount/Page_Login - My Store/input_Mr._id_gender&amp;apos; located by &amp;apos;By.xpath: //input[@id=&amp;apos;id_gender1&amp;apos;]&amp;apos; not found)\r\n\tat com.kms.katalon.core.keyword.internal.KeywordMain.stepFailed(KeywordMain.groovy:36)\r\n\tat com.kms.katalon.core.webui.keyword.internal.WebUIKeywordMain.stepFailed(WebUIKeywordMain.groovy:65)\r\n\tat com.kms.katalon.core.webui.keyword.internal.WebUIKeywordMain.runKeyword(WebUIKeywordMain.groovy:27)\r\n\tat com.kms.katalon.core.webui.keyword.builtin.ClickKeyword.click(ClickKeyword.groovy:86)\r\n\tat com.kms.katalon.core.webui.keyword.builtin.ClickKeyword.execute(ClickKeyword.groovy:67)\r\n\tat com.kms.katalon.core.keyword.internal.KeywordExecutor.executeKeywordForPlatform(KeywordExecutor.groovy:53)\r\n\tat com.kms.katalon.core.webui.keyword.WebUiBuiltInKeywords.click(WebUiBuiltInKeywords.groovy:616)\r\n\tat com.kms.katalon.core.webui.keyword.WebUiBuiltInKeywords$click$1.call(Unknown Source)\r\n\tat TC3_CreateAccount.run(TC3_CreateAccount:26)\r\n\tat com.kms.katalon.core.main.ScriptEngine.run(ScriptEngine.java:194)\r\n\tat com.kms.katalon.core.main.ScriptEngine.runScriptAsRawText(ScriptEngine.java:119)\r\n\tat com.kms.katalon.core.main.TestCaseExecutor.runScript(TestCaseExecutor.java:321)\r\n\tat com.kms.katalon.core.main.TestCaseExecutor.doExecute(TestCaseExecutor.java:312)\r\n\tat com.kms.katalon.core.main.TestCaseExecutor.processExecutionPhase(TestCaseExecutor.java:291)\r\n\tat com.kms.katalon.core.main.TestCaseExecutor.accessMainPhase(TestCaseExecutor.java:283)\r\n\tat com.kms.katalon.core.main.TestCaseExecutor.execute(TestCaseExecutor.java:222)\r\n\tat com.kms.katalon.core.main.TestSuiteExecutor.accessTestCaseMainPhase(TestSuiteExecutor.java:129)\r\n\tat com.kms.katalon.core.main.TestSuiteExecutor.accessTestSuiteMainPhase(TestSuiteExecutor.java:112)\r\n\tat com.kms.katalon.core.main.TestSuiteExecutor.execute(TestSuiteExecutor.java:81)\r\n\tat com.kms.katalon.core.main.TestCaseMain.startTestSuite(TestCaseMain.java:149)\r\n\tat com.kms.katalon.core.main.TestCaseMain$startTestSuite$0.call(Unknown Source)\r\n\tat TempTestSuite1550497486257.run(TempTestSuite1550497486257.groovy:36)\r\n</message>
  <exception>
    <message>com.kms.katalon.core.exception.StepFailedException: Unable to click on object 'Object Repository/CreateAccount/Page_Login - My Store/input_Mr._id_gender' (Root cause: com.kms.katalon.core.webui.exception.WebElementNotFoundException: Web element with id: 'Object Repository/CreateAccount/Page_Login - My Store/input_Mr._id_gender' located by 'By.xpath: //input[@id='id_gender1']' not found)</message>
    <frame>
      <class>com.kms.katalon.core.keyword.internal.KeywordMain</class>
      <method>stepFailed</method>
      <line>36</line>
    </frame>
    <frame>
      <class>com.kms.katalon.core.webui.keyword.internal.WebUIKeywordMain</class>
      <method>stepFailed</method>
      <line>65</line>
    </frame>
    <frame>
      <class>com.kms.katalon.core.webui.keyword.internal.WebUIKeywordMain</class>
      <method>runKeyword</method>
      <line>27</line>
    </frame>
    <frame>
      <class>com.kms.katalon.core.webui.keyword.builtin.ClickKeyword</class>
      <method>click</method>
      <line>86</line>
    </frame>
    <frame>
      <class>com.kms.katalon.core.webui.keyword.builtin.ClickKeyword</class>
      <method>execute</method>
      <line>67</line>
    </frame>
    <frame>
      <class>com.kms.katalon.core.keyword.internal.KeywordExecutor</class>
      <method>executeKeywordForPlatform</method>
      <line>53</line>
    </frame>
    <frame>
      <class>com.kms.katalon.core.webui.keyword.WebUiBuiltInKeywords</class>
      <method>click</method>
      <line>616</line>
    </frame>
    <frame>
      <class>com.kms.katalon.core.webui.keyword.WebUiBuiltInKeywords$click$1</class>
      <method>call</method>
    </frame>
    <frame>
      <class>TC3_CreateAccount</class>
      <method>run</method>
      <line>26</line>
    </frame>
    <frame>
      <class>com.kms.katalon.core.main.ScriptEngine</class>
      <method>run</method>
      <line>194</line>
    </frame>
    <frame>
      <class>com.kms.katalon.core.main.ScriptEngine</class>
      <method>runScriptAsRawText</method>
      <line>119</line>
    </frame>
    <frame>
      <class>com.kms.katalon.core.main.TestCaseExecutor</class>
      <method>runScript</method>
      <line>321</line>
    </frame>
    <frame>
      <class>com.kms.katalon.core.main.TestCaseExecutor</class>
      <method>doExecute</method>
      <line>312</line>
    </frame>
    <frame>
      <class>com.kms.katalon.core.main.TestCaseExecutor</class>
      <method>processExecutionPhase</method>
      <line>291</line>
    </frame>
    <frame>
      <class>com.kms.katalon.core.main.TestCaseExecutor</class>
      <method>accessMainPhase</method>
      <line>283</line>
    </frame>
    <frame>
      <class>com.kms.katalon.core.main.TestCaseExecutor</class>
      <method>execute</method>
      <line>222</line>
    </frame>
    <frame>
      <class>com.kms.katalon.core.main.TestSuiteExecutor</class>
      <method>accessTestCaseMainPhase</method>
      <line>129</line>
    </frame>
    <frame>
      <class>com.kms.katalon.core.main.TestSuiteExecutor</class>
      <method>accessTestSuiteMainPhase</method>
      <line>112</line>
    </frame>
    <frame>
      <class>com.kms.katalon.core.main.TestSuiteExecutor</class>
      <method>execute</method>
      <line>81</line>
    </frame>
    <frame>
      <class>com.kms.katalon.core.main.TestCaseMain</class>
      <method>startTestSuite</method>
      <line>149</line>
    </frame>
    <frame>
      <class>com.kms.katalon.core.main.TestCaseMain$startTestSuite$0</class>
      <method>call</method>
    </frame>
    <frame>
      <class>TempTestSuite1550497486257</class>
      <method>run</method>
      <line>36</line>
    </frame>
  </exception>
  <nestedLevel>0</nestedLevel>
</record>
<record>
  <date>2019-02-18T19:16:13</date>
  <millis>1550497573138</millis>
  <sequence>343</sequence>
  <level>END</level>
  <class>com.kms.katalon.core.logging.XmlKeywordLogger</class>
  <method>endKeyword</method>
  <thread>1</thread>
  <message>End action : click(findTestObject(\&amp;quot;CreateAccount/Page_Login - My Store/input_Mr._id_gender\&amp;quot;))</message>
  <nestedLevel>1</nestedLevel>
</record>
<record>
  <date>2019-02-18T19:16:13</date>
  <millis>1550497573139</millis>
  <sequence>345</sequence>
  <logger>com.kms.katalon.core.logging.XmlKeywordLogger</logger>
  <level>FAILED</level>
  <class>com.kms.katalon.core.logging.XmlKeywordLogger</class>
  <method>logMessage</method>
  <thread>1</thread>
  <message>Test Cases/TC3_CreateAccount FAILED.\nReason:\ncom.kms.katalon.core.exception.StepFailedException: Unable to click on object &amp;apos;Object Repository/CreateAccount/Page_Login - My Store/input_Mr._id_gender&amp;apos; (Root cause: com.kms.katalon.core.webui.exception.WebElementNotFoundException: Web element with id: &amp;apos;Object Repository/CreateAccount/Page_Login - My Store/input_Mr._id_gender&amp;apos; located by &amp;apos;By.xpath: //input[@id=&amp;apos;id_gender1&amp;apos;]&amp;apos; not found)\r\n\tat com.kms.katalon.core.keyword.internal.KeywordMain.stepFailed(KeywordMain.groovy:36)\r\n\tat com.kms.katalon.core.webui.keyword.internal.WebUIKeywordMain.stepFailed(WebUIKeywordMain.groovy:65)\r\n\tat com.kms.katalon.core.webui.keyword.internal.WebUIKeywordMain.runKeyword(WebUIKeywordMain.groovy:27)\r\n\tat com.kms.katalon.core.webui.keyword.builtin.ClickKeyword.click(ClickKeyword.groovy:86)\r\n\tat com.kms.katalon.core.webui.keyword.builtin.ClickKeyword.execute(ClickKeyword.groovy:67)\r\n\tat com.kms.katalon.core.keyword.internal.KeywordExecutor.executeKeywordForPlatform(KeywordExecutor.groovy:53)\r\n\tat com.kms.katalon.core.webui.keyword.WebUiBuiltInKeywords.click(WebUiBuiltInKeywords.groovy:616)\r\n\tat com.kms.katalon.core.webui.keyword.WebUiBuiltInKeywords$click$1.call(Unknown Source)\r\n\tat TC3_CreateAccount.run(TC3_CreateAccount:26)\r\n\tat com.kms.katalon.core.main.ScriptEngine.run(ScriptEngine.java:194)\r\n\tat com.kms.katalon.core.main.ScriptEngine.runScriptAsRawText(ScriptEngine.java:119)\r\n\tat com.kms.katalon.core.main.TestCaseExecutor.runScript(TestCaseExecutor.java:321)\r\n\tat com.kms.katalon.core.main.TestCaseExecutor.doExecute(TestCaseExecutor.java:312)\r\n\tat com.kms.katalon.core.main.TestCaseExecutor.processExecutionPhase(TestCaseExecutor.java:291)\r\n\tat com.kms.katalon.core.main.TestCaseExecutor.accessMainPhase(TestCaseExecutor.java:283)\r\n\tat com.kms.katalon.core.main.TestCaseExecutor.execute(TestCaseExecutor.java:222)\r\n\tat com.kms.katalon.core.main.TestSuiteExecutor.accessTestCaseMainPhase(TestSuiteExecutor.java:129)\r\n\tat com.kms.katalon.core.main.TestSuiteExecutor.accessTestSuiteMainPhase(TestSuiteExecutor.java:112)\r\n\tat com.kms.katalon.core.main.TestSuiteExecutor.execute(TestSuiteExecutor.java:81)\r\n\tat com.kms.katalon.core.main.TestCaseMain.startTestSuite(TestCaseMain.java:149)\r\n\tat com.kms.katalon.core.main.TestCaseMain$startTestSuite$0.call(Unknown Source)\r\n\tat TempTestSuite1550497486257.run(TempTestSuite1550497486257.groovy:36)\r\n</message>
  <exception>
    <message>com.kms.katalon.core.exception.StepFailedException: Unable to click on object 'Object Repository/CreateAccount/Page_Login - My Store/input_Mr._id_gender' (Root cause: com.kms.katalon.core.webui.exception.WebElementNotFoundException: Web element with id: 'Object Repository/CreateAccount/Page_Login - My Store/input_Mr._id_gender' located by 'By.xpath: //input[@id='id_gender1']' not found)</message>
    <frame>
      <class>com.kms.katalon.core.keyword.internal.KeywordMain</class>
      <method>stepFailed</method>
      <line>36</line>
    </frame>
    <frame>
      <class>com.kms.katalon.core.webui.keyword.internal.WebUIKeywordMain</class>
      <method>stepFailed</method>
      <line>65</line>
    </frame>
    <frame>
      <class>com.kms.katalon.core.webui.keyword.internal.WebUIKeywordMain</class>
      <method>runKeyword</method>
      <line>27</line>
    </frame>
    <frame>
      <class>com.kms.katalon.core.webui.keyword.builtin.ClickKeyword</class>
      <method>click</method>
      <line>86</line>
    </frame>
    <frame>
      <class>com.kms.katalon.core.webui.keyword.builtin.ClickKeyword</class>
      <method>execute</method>
      <line>67</line>
    </frame>
    <frame>
      <class>com.kms.katalon.core.keyword.internal.KeywordExecutor</class>
      <method>executeKeywordForPlatform</method>
      <line>53</line>
    </frame>
    <frame>
      <class>com.kms.katalon.core.webui.keyword.WebUiBuiltInKeywords</class>
      <method>click</method>
      <line>616</line>
    </frame>
    <frame>
      <class>com.kms.katalon.core.webui.keyword.WebUiBuiltInKeywords$click$1</class>
      <method>call</method>
    </frame>
    <frame>
      <class>TC3_CreateAccount</class>
      <method>run</method>
      <line>26</line>
    </frame>
    <frame>
      <class>com.kms.katalon.core.main.ScriptEngine</class>
      <method>run</method>
      <line>194</line>
    </frame>
    <frame>
      <class>com.kms.katalon.core.main.ScriptEngine</class>
      <method>runScriptAsRawText</method>
      <line>119</line>
    </frame>
    <frame>
      <class>com.kms.katalon.core.main.TestCaseExecutor</class>
      <method>runScript</method>
      <line>321</line>
    </frame>
    <frame>
      <class>com.kms.katalon.core.main.TestCaseExecutor</class>
      <method>doExecute</method>
      <line>312</line>
    </frame>
    <frame>
      <class>com.kms.katalon.core.main.TestCaseExecutor</class>
      <method>processExecutionPhase</method>
      <line>291</line>
    </frame>
    <frame>
      <class>com.kms.katalon.core.main.TestCaseExecutor</class>
      <method>accessMainPhase</method>
      <line>283</line>
    </frame>
    <frame>
      <class>com.kms.katalon.core.main.TestCaseExecutor</class>
      <method>execute</method>
      <line>222</line>
    </frame>
    <frame>
      <class>com.kms.katalon.core.main.TestSuiteExecutor</class>
      <method>accessTestCaseMainPhase</method>
      <line>129</line>
    </frame>
    <frame>
      <class>com.kms.katalon.core.main.TestSuiteExecutor</class>
      <method>accessTestSuiteMainPhase</method>
      <line>112</line>
    </frame>
    <frame>
      <class>com.kms.katalon.core.main.TestSuiteExecutor</class>
      <method>execute</method>
      <line>81</line>
    </frame>
    <frame>
      <class>com.kms.katalon.core.main.TestCaseMain</class>
      <method>startTestSuite</method>
      <line>149</line>
    </frame>
    <frame>
      <class>com.kms.katalon.core.main.TestCaseMain$startTestSuite$0</class>
      <method>call</method>
    </frame>
    <frame>
      <class>TempTestSuite1550497486257</class>
      <method>run</method>
      <line>36</line>
    </frame>
  </exception>
  <nestedLevel>0</nestedLevel>
</record>
<record>
  <date>2019-02-18T19:16:15</date>
  <millis>1550497575239</millis>
  <sequence>346</sequence>
  <level>END</level>
  <class>com.kms.katalon.core.logging.XmlKeywordLogger</class>
  <method>endTest</method>
  <thread>1</thread>
  <message>End Test Case : Test Cases/TC3_CreateAccount</message>
  <nestedLevel>0</nestedLevel>
</record>
<record>
  <date>2019-02-18T19:16:15</date>
  <millis>1550497575240</millis>
  <sequence>347</sequence>
  <level>START</level>
  <class>com.kms.katalon.core.logging.XmlKeywordLogger</class>
  <method>startTest</method>
  <thread>1</thread>
  <message>Start Test Case : Test Cases/TC2_Login</message>
  <nestedLevel>1</nestedLevel>
  <property name="name">Test Cases/TC2_Login</property>
  <property name="description"></property>
  <property name="id">Test Cases/TC2_Login</property>
  <property name="source">C:\\Users\\dell\\Katalon Studio\\Automation\\Test Cases\\TC2_Login.tc</property>
  <property name="isOptional">false</property>
</record>
<record>
  <date>2019-02-18T19:16:15</date>
  <millis>1550497575256</millis>
  <sequence>349</sequence>
  <level>INFO</level>
  <class>com.kms.katalon.core.logging.XmlKeywordLogger</class>
  <method>logMessage</method>
  <thread>1</thread>
  <message>email = Williamjohn@rhyta.com</message>
  <nestedLevel>1</nestedLevel>
</record>
<record>
  <date>2019-02-18T19:16:15</date>
  <millis>1550497575256</millis>
  <sequence>350</sequence>
  <level>INFO</level>
  <class>com.kms.katalon.core.logging.XmlKeywordLogger</class>
  <method>logMessage</method>
  <thread>1</thread>
  <message>password = suchinaik</message>
  <nestedLevel>1</nestedLevel>
</record>
<record>
  <date>2019-02-18T19:16:15</date>
  <millis>1550497575907</millis>
  <sequence>351</sequence>
  <level>START</level>
  <class>com.kms.katalon.core.logging.XmlKeywordLogger</class>
  <method>startKeyword</method>
  <thread>1</thread>
  <message>Start action : openBrowser(\&amp;quot;\&amp;quot;)</message>
  <nestedLevel>1</nestedLevel>
  <property name="startLine">31</property>
  <property name="stepIndex">1</property>
</record>
<record>
  <date>2019-02-18T19:16:15</date>
  <millis>1550497575909</millis>
  <sequence>353</sequence>
  <level>WARNING</level>
  <class>com.kms.katalon.core.logging.XmlKeywordLogger</class>
  <method>logMessage</method>
  <thread>1</thread>
  <message>A browser is already opened. Closing browser and opening a new one</message>
  <nestedLevel>1</nestedLevel>
</record>
<record>
  <date>2019-02-18T19:16:17</date>
  <millis>1550497577820</millis>
  <sequence>354</sequence>
  <level>INFO</level>
  <class>com.kms.katalon.core.logging.XmlKeywordLogger</class>
  <method>logMessage</method>
  <thread>1</thread>
  <message>Starting &amp;apos;Firefox&amp;apos; driver</message>
  <nestedLevel>1</nestedLevel>
</record>
<record>
  <date>2019-02-18T19:16:23</date>
  <millis>1550497583768</millis>
  <sequence>356</sequence>
  <level>RUN_DATA</level>
  <class>com.kms.katalon.core.logging.XmlKeywordLogger</class>
  <method>logMessage</method>
  <thread>1</thread>
  <message>sessionId = 06b76325-3f9b-4356-8ef1-c4707185bbe9</message>
  <nestedLevel>1</nestedLevel>
  <property name="sessionId">06b76325-3f9b-4356-8ef1-c4707185bbe9</property>
</record>
<record>
  <date>2019-02-18T19:16:23</date>
  <millis>1550497583831</millis>
  <sequence>357</sequence>
  <level>RUN_DATA</level>
  <class>com.kms.katalon.core.logging.XmlKeywordLogger</class>
  <method>logMessage</method>
  <thread>1</thread>
  <message>browser = Firefox 65.0</message>
  <nestedLevel>1</nestedLevel>
  <property name="browser">Firefox 65.0</property>
</record>
<record>
  <date>2019-02-18T19:16:23</date>
  <millis>1550497583831</millis>
  <sequence>358</sequence>
  <level>RUN_DATA</level>
  <class>com.kms.katalon.core.logging.XmlKeywordLogger</class>
  <method>logMessage</method>
  <thread>1</thread>
  <message>platform = Windows 8.1</message>
  <nestedLevel>1</nestedLevel>
  <property name="platform">Windows 8.1</property>
</record>
<record>
  <date>2019-02-18T19:16:23</date>
  <millis>1550497583832</millis>
  <sequence>359</sequence>
  <level>RUN_DATA</level>
  <class>com.kms.katalon.core.logging.XmlKeywordLogger</class>
  <method>logMessage</method>
  <thread>1</thread>
  <message>seleniumVersion = 3.7.1</message>
  <nestedLevel>1</nestedLevel>
  <property name="seleniumVersion">3.7.1</property>
</record>
<record>
  <date>2019-02-18T19:16:23</date>
  <millis>1550497583832</millis>
  <sequence>360</sequence>
  <level>RUN_DATA</level>
  <class>com.kms.katalon.core.logging.XmlKeywordLogger</class>
  <method>logMessage</method>
  <thread>1</thread>
  <message>proxyInformation = ProxyInformation{proxyOption=NO_PROXY, proxyServerType=HTTP, password=, proxyServerAddress=, proxyServerPort=0}</message>
  <nestedLevel>1</nestedLevel>
  <property name="proxyInformation">ProxyInformation{proxyOption=NO_PROXY, proxyServerType=HTTP, password=, proxyServerAddress=, proxyServerPort=0}</property>
</record>
<record>
  <date>2019-02-18T19:16:23</date>
  <millis>1550497583832</millis>
  <sequence>361</sequence>
  <level>PASSED</level>
  <class>com.kms.katalon.core.logging.XmlKeywordLogger</class>
  <method>logMessage</method>
  <thread>1</thread>
  <message>Browser is opened with url: &amp;apos;&amp;apos;</message>
  <nestedLevel>1</nestedLevel>
</record>
<record>
  <date>2019-02-18T19:16:23</date>
  <millis>1550497583832</millis>
  <sequence>362</sequence>
  <level>END</level>
  <class>com.kms.katalon.core.logging.XmlKeywordLogger</class>
  <method>endKeyword</method>
  <thread>1</thread>
  <message>End action : openBrowser(\&amp;quot;\&amp;quot;)</message>
  <nestedLevel>1</nestedLevel>
</record>
<record>
  <date>2019-02-18T19:16:23</date>
  <millis>1550497583832</millis>
  <sequence>363</sequence>
  <level>START</level>
  <class>com.kms.katalon.core.logging.XmlKeywordLogger</class>
  <method>startKeyword</method>
  <thread>1</thread>
  <message>Start action : navigateToUrl(\&amp;quot;http://automationpractice.com/index.php\&amp;quot;)</message>
  <nestedLevel>1</nestedLevel>
  <property name="startLine">33</property>
  <property name="stepIndex">2</property>
</record>
<record>
  <date>2019-02-18T19:16:30</date>
  <millis>1550497590043</millis>
  <sequence>366</sequence>
  <level>PASSED</level>
  <class>com.kms.katalon.core.logging.XmlKeywordLogger</class>
  <method>logMessage</method>
  <thread>1</thread>
  <message>Navigate to &amp;apos;http://automationpractice.com/index.php&amp;apos; successfully</message>
  <nestedLevel>1</nestedLevel>
</record>
<record>
  <date>2019-02-18T19:16:30</date>
  <millis>1550497590044</millis>
  <sequence>367</sequence>
  <level>END</level>
  <class>com.kms.katalon.core.logging.XmlKeywordLogger</class>
  <method>endKeyword</method>
  <thread>1</thread>
  <message>End action : navigateToUrl(\&amp;quot;http://automationpractice.com/index.php\&amp;quot;)</message>
  <nestedLevel>1</nestedLevel>
</record>
<record>
  <date>2019-02-18T19:16:30</date>
  <millis>1550497590044</millis>
  <sequence>368</sequence>
  <level>START</level>
  <class>com.kms.katalon.core.logging.XmlKeywordLogger</class>
  <method>startKeyword</method>
  <thread>1</thread>
  <message>Start action : click(findTestObject(\&amp;quot;Object Repository/Login/Page_My Store/a_Sign in\&amp;quot;))</message>
  <nestedLevel>1</nestedLevel>
  <property name="startLine">35</property>
  <property name="stepIndex">3</property>
</record>
<record>
  <date>2019-02-18T19:16:32</date>
  <millis>1550497592207</millis>
  <sequence>375</sequence>
  <level>PASSED</level>
  <class>com.kms.katalon.core.logging.XmlKeywordLogger</class>
  <method>logMessage</method>
  <thread>1</thread>
  <message>Object: &amp;apos;Object Repository/Login/Page_My Store/a_Sign in&amp;apos; is clicked on</message>
  <nestedLevel>1</nestedLevel>
</record>
<record>
  <date>2019-02-18T19:16:32</date>
  <millis>1550497592208</millis>
  <sequence>376</sequence>
  <level>END</level>
  <class>com.kms.katalon.core.logging.XmlKeywordLogger</class>
  <method>endKeyword</method>
  <thread>1</thread>
  <message>End action : click(findTestObject(\&amp;quot;Object Repository/Login/Page_My Store/a_Sign in\&amp;quot;))</message>
  <nestedLevel>1</nestedLevel>
</record>
<record>
  <date>2019-02-18T19:16:32</date>
  <millis>1550497592208</millis>
  <sequence>377</sequence>
  <level>START</level>
  <class>com.kms.katalon.core.logging.XmlKeywordLogger</class>
  <method>startKeyword</method>
  <thread>1</thread>
  <message>Start action : setText(findTestObject(\&amp;quot;Object Repository/Login/Page_Login - My Store/input_Email address_email\&amp;quot;), email)</message>
  <nestedLevel>1</nestedLevel>
  <property name="startLine">37</property>
  <property name="stepIndex">4</property>
</record>
<record>
  <date>2019-02-18T19:16:32</date>
  <millis>1550497592463</millis>
  <sequence>389</sequence>
  <level>PASSED</level>
  <class>com.kms.katalon.core.logging.XmlKeywordLogger</class>
  <method>logMessage</method>
  <thread>1</thread>
  <message>Text &amp;apos;Williamjohn@rhyta.com&amp;apos; is set on object &amp;apos;Object Repository/Login/Page_Login - My Store/input_Email address_email&amp;apos;</message>
  <nestedLevel>1</nestedLevel>
</record>
<record>
  <date>2019-02-18T19:16:32</date>
  <millis>1550497592465</millis>
  <sequence>390</sequence>
  <level>END</level>
  <class>com.kms.katalon.core.logging.XmlKeywordLogger</class>
  <method>endKeyword</method>
  <thread>1</thread>
  <message>End action : setText(findTestObject(\&amp;quot;Object Repository/Login/Page_Login - My Store/input_Email address_email\&amp;quot;), email)</message>
  <nestedLevel>1</nestedLevel>
</record>
<record>
  <date>2019-02-18T19:16:32</date>
  <millis>1550497592466</millis>
  <sequence>391</sequence>
  <level>START</level>
  <class>com.kms.katalon.core.logging.XmlKeywordLogger</class>
  <method>startKeyword</method>
  <thread>1</thread>
  <message>Start action : setEncryptedText(findTestObject(\&amp;quot;Object Repository/Login/Page_Login - My Store/input_Password_passwd\&amp;quot;), \&amp;quot;Qe27HTQB17j343ybaklEUQ==\&amp;quot;)</message>
  <nestedLevel>1</nestedLevel>
  <property name="startLine">39</property>
  <property name="stepIndex">5</property>
</record>
<record>
  <date>2019-02-18T19:16:32</date>
  <millis>1550497592770</millis>
  <sequence>400</sequence>
  <level>PASSED</level>
  <class>com.kms.katalon.core.logging.XmlKeywordLogger</class>
  <method>logMessage</method>
  <thread>1</thread>
  <message>Text ****** has been set on object &amp;apos;Object Repository/Login/Page_Login - My Store/input_Password_passwd&amp;apos;</message>
  <nestedLevel>1</nestedLevel>
</record>
<record>
  <date>2019-02-18T19:16:32</date>
  <millis>1550497592772</millis>
  <sequence>401</sequence>
  <level>END</level>
  <class>com.kms.katalon.core.logging.XmlKeywordLogger</class>
  <method>endKeyword</method>
  <thread>1</thread>
  <message>End action : setEncryptedText(findTestObject(\&amp;quot;Object Repository/Login/Page_Login - My Store/input_Password_passwd\&amp;quot;), \&amp;quot;Qe27HTQB17j343ybaklEUQ==\&amp;quot;)</message>
  <nestedLevel>1</nestedLevel>
</record>
<record>
  <date>2019-02-18T19:16:32</date>
  <millis>1550497592772</millis>
  <sequence>402</sequence>
  <level>START</level>
  <class>com.kms.katalon.core.logging.XmlKeywordLogger</class>
  <method>startKeyword</method>
  <thread>1</thread>
  <message>Start action : click(findTestObject(\&amp;quot;Object Repository/Login/Page_Login - My Store/button_Sign in\&amp;quot;))</message>
  <nestedLevel>1</nestedLevel>
  <property name="startLine">41</property>
  <property name="stepIndex">6</property>
</record>
<record>
  <date>2019-02-18T19:16:34</date>
  <millis>1550497594499</millis>
  <sequence>409</sequence>
  <level>PASSED</level>
  <class>com.kms.katalon.core.logging.XmlKeywordLogger</class>
  <method>logMessage</method>
  <thread>1</thread>
  <message>Object: &amp;apos;Object Repository/Login/Page_Login - My Store/button_Sign in&amp;apos; is clicked on</message>
  <nestedLevel>1</nestedLevel>
</record>
<record>
  <date>2019-02-18T19:16:34</date>
  <millis>1550497594499</millis>
  <sequence>410</sequence>
  <level>END</level>
  <class>com.kms.katalon.core.logging.XmlKeywordLogger</class>
  <method>endKeyword</method>
  <thread>1</thread>
  <message>End action : click(findTestObject(\&amp;quot;Object Repository/Login/Page_Login - My Store/button_Sign in\&amp;quot;))</message>
  <nestedLevel>1</nestedLevel>
</record>
<record>
  <date>2019-02-18T19:16:34</date>
  <millis>1550497594499</millis>
  <sequence>411</sequence>
  <level>PASSED</level>
  <class>com.kms.katalon.core.logging.XmlKeywordLogger</class>
  <method>logMessage</method>
  <thread>1</thread>
  <message>Test Cases/TC2_Login</message>
  <nestedLevel>1</nestedLevel>
</record>
<record>
  <date>2019-02-18T19:16:36</date>
  <millis>1550497596536</millis>
  <sequence>412</sequence>
  <level>END</level>
  <class>com.kms.katalon.core.logging.XmlKeywordLogger</class>
  <method>endTest</method>
  <thread>1</thread>
  <message>End Test Case : Test Cases/TC2_Login</message>
  <nestedLevel>0</nestedLevel>
</record>
<record>
  <date>2019-02-18T19:16:36</date>
  <millis>1550497596537</millis>
  <sequence>413</sequence>
  <level>START</level>
  <class>com.kms.katalon.core.logging.XmlKeywordLogger</class>
  <method>startTest</method>
  <thread>1</thread>
  <message>Start Test Case : Test Cases/TC2_Login</message>
  <nestedLevel>1</nestedLevel>
  <property name="name">Test Cases/TC2_Login</property>
  <property name="description"></property>
  <property name="id">Test Cases/TC2_Login</property>
  <property name="source">C:\\Users\\dell\\Katalon Studio\\Automation\\Test Cases\\TC2_Login.tc</property>
  <property name="isOptional">false</property>
</record>
<record>
  <date>2019-02-18T19:16:36</date>
  <millis>1550497596553</millis>
  <sequence>415</sequence>
  <level>INFO</level>
  <class>com.kms.katalon.core.logging.XmlKeywordLogger</class>
  <method>logMessage</method>
  <thread>1</thread>
  <message>email = marybabe@rhyta.com</message>
  <nestedLevel>1</nestedLevel>
</record>
<record>
  <date>2019-02-18T19:16:36</date>
  <millis>1550497596553</millis>
  <sequence>416</sequence>
  <level>INFO</level>
  <class>com.kms.katalon.core.logging.XmlKeywordLogger</class>
  <method>logMessage</method>
  <thread>1</thread>
  <message>password = naiksuchi</message>
  <nestedLevel>1</nestedLevel>
</record>
<record>
  <date>2019-02-18T19:16:36</date>
  <millis>1550497596569</millis>
  <sequence>417</sequence>
  <level>START</level>
  <class>com.kms.katalon.core.logging.XmlKeywordLogger</class>
  <method>startKeyword</method>
  <thread>1</thread>
  <message>Start action : openBrowser(\&amp;quot;\&amp;quot;)</message>
  <nestedLevel>1</nestedLevel>
  <property name="startLine">31</property>
  <property name="stepIndex">1</property>
</record>
<record>
  <date>2019-02-18T19:16:36</date>
  <millis>1550497596572</millis>
  <sequence>419</sequence>
  <level>WARNING</level>
  <class>com.kms.katalon.core.logging.XmlKeywordLogger</class>
  <method>logMessage</method>
  <thread>1</thread>
  <message>A browser is already opened. Closing browser and opening a new one</message>
  <nestedLevel>1</nestedLevel>
</record>
<record>
  <date>2019-02-18T19:16:38</date>
  <millis>1550497598502</millis>
  <sequence>420</sequence>
  <level>INFO</level>
  <class>com.kms.katalon.core.logging.XmlKeywordLogger</class>
  <method>logMessage</method>
  <thread>1</thread>
  <message>Starting &amp;apos;Firefox&amp;apos; driver</message>
  <nestedLevel>1</nestedLevel>
</record>
<record>
  <date>2019-02-18T19:16:44</date>
  <millis>1550497604315</millis>
  <sequence>422</sequence>
  <level>RUN_DATA</level>
  <class>com.kms.katalon.core.logging.XmlKeywordLogger</class>
  <method>logMessage</method>
  <thread>1</thread>
  <message>sessionId = be7e7651-288c-4636-85b6-0f24824db04d</message>
  <nestedLevel>1</nestedLevel>
  <property name="sessionId">be7e7651-288c-4636-85b6-0f24824db04d</property>
</record>
<record>
  <date>2019-02-18T19:16:44</date>
  <millis>1550497604333</millis>
  <sequence>423</sequence>
  <level>RUN_DATA</level>
  <class>com.kms.katalon.core.logging.XmlKeywordLogger</class>
  <method>logMessage</method>
  <thread>1</thread>
  <message>browser = Firefox 65.0</message>
  <nestedLevel>1</nestedLevel>
  <property name="browser">Firefox 65.0</property>
</record>
<record>
  <date>2019-02-18T19:16:44</date>
  <millis>1550497604333</millis>
  <sequence>424</sequence>
  <level>RUN_DATA</level>
  <class>com.kms.katalon.core.logging.XmlKeywordLogger</class>
  <method>logMessage</method>
  <thread>1</thread>
  <message>platform = Windows 8.1</message>
  <nestedLevel>1</nestedLevel>
  <property name="platform">Windows 8.1</property>
</record>
<record>
  <date>2019-02-18T19:16:44</date>
  <millis>1550497604333</millis>
  <sequence>425</sequence>
  <level>RUN_DATA</level>
  <class>com.kms.katalon.core.logging.XmlKeywordLogger</class>
  <method>logMessage</method>
  <thread>1</thread>
  <message>seleniumVersion = 3.7.1</message>
  <nestedLevel>1</nestedLevel>
  <property name="seleniumVersion">3.7.1</property>
</record>
<record>
  <date>2019-02-18T19:16:44</date>
  <millis>1550497604333</millis>
  <sequence>426</sequence>
  <level>RUN_DATA</level>
  <class>com.kms.katalon.core.logging.XmlKeywordLogger</class>
  <method>logMessage</method>
  <thread>1</thread>
  <message>proxyInformation = ProxyInformation{proxyOption=NO_PROXY, proxyServerType=HTTP, password=, proxyServerAddress=, proxyServerPort=0}</message>
  <nestedLevel>1</nestedLevel>
  <property name="proxyInformation">ProxyInformation{proxyOption=NO_PROXY, proxyServerType=HTTP, password=, proxyServerAddress=, proxyServerPort=0}</property>
</record>
<record>
  <date>2019-02-18T19:16:44</date>
  <millis>1550497604333</millis>
  <sequence>427</sequence>
  <level>PASSED</level>
  <class>com.kms.katalon.core.logging.XmlKeywordLogger</class>
  <method>logMessage</method>
  <thread>1</thread>
  <message>Browser is opened with url: &amp;apos;&amp;apos;</message>
  <nestedLevel>1</nestedLevel>
</record>
<record>
  <date>2019-02-18T19:16:44</date>
  <millis>1550497604333</millis>
  <sequence>428</sequence>
  <level>END</level>
  <class>com.kms.katalon.core.logging.XmlKeywordLogger</class>
  <method>endKeyword</method>
  <thread>1</thread>
  <message>End action : openBrowser(\&amp;quot;\&amp;quot;)</message>
  <nestedLevel>1</nestedLevel>
</record>
<record>
  <date>2019-02-18T19:16:44</date>
  <millis>1550497604333</millis>
  <sequence>429</sequence>
  <level>START</level>
  <class>com.kms.katalon.core.logging.XmlKeywordLogger</class>
  <method>startKeyword</method>
  <thread>1</thread>
  <message>Start action : navigateToUrl(\&amp;quot;http://automationpractice.com/index.php\&amp;quot;)</message>
  <nestedLevel>1</nestedLevel>
  <property name="startLine">33</property>
  <property name="stepIndex">2</property>
</record>
<record>
  <date>2019-02-18T19:16:51</date>
  <millis>1550497611075</millis>
  <sequence>432</sequence>
  <level>PASSED</level>
  <class>com.kms.katalon.core.logging.XmlKeywordLogger</class>
  <method>logMessage</method>
  <thread>1</thread>
  <message>Navigate to &amp;apos;http://automationpractice.com/index.php&amp;apos; successfully</message>
  <nestedLevel>1</nestedLevel>
</record>
<record>
  <date>2019-02-18T19:16:51</date>
  <millis>1550497611076</millis>
  <sequence>433</sequence>
  <level>END</level>
  <class>com.kms.katalon.core.logging.XmlKeywordLogger</class>
  <method>endKeyword</method>
  <thread>1</thread>
  <message>End action : navigateToUrl(\&amp;quot;http://automationpractice.com/index.php\&amp;quot;)</message>
  <nestedLevel>1</nestedLevel>
</record>
<record>
  <date>2019-02-18T19:16:51</date>
  <millis>1550497611077</millis>
  <sequence>434</sequence>
  <level>START</level>
  <class>com.kms.katalon.core.logging.XmlKeywordLogger</class>
  <method>startKeyword</method>
  <thread>1</thread>
  <message>Start action : click(findTestObject(\&amp;quot;Object Repository/Login/Page_My Store/a_Sign in\&amp;quot;))</message>
  <nestedLevel>1</nestedLevel>
  <property name="startLine">35</property>
  <property name="stepIndex">3</property>
</record>
<record>
  <date>2019-02-18T19:16:53</date>
  <millis>1550497613296</millis>
  <sequence>441</sequence>
  <level>PASSED</level>
  <class>com.kms.katalon.core.logging.XmlKeywordLogger</class>
  <method>logMessage</method>
  <thread>1</thread>
  <message>Object: &amp;apos;Object Repository/Login/Page_My Store/a_Sign in&amp;apos; is clicked on</message>
  <nestedLevel>1</nestedLevel>
</record>
<record>
  <date>2019-02-18T19:16:53</date>
  <millis>1550497613297</millis>
  <sequence>442</sequence>
  <level>END</level>
  <class>com.kms.katalon.core.logging.XmlKeywordLogger</class>
  <method>endKeyword</method>
  <thread>1</thread>
  <message>End action : click(findTestObject(\&amp;quot;Object Repository/Login/Page_My Store/a_Sign in\&amp;quot;))</message>
  <nestedLevel>1</nestedLevel>
</record>
<record>
  <date>2019-02-18T19:16:53</date>
  <millis>1550497613298</millis>
  <sequence>443</sequence>
  <level>START</level>
  <class>com.kms.katalon.core.logging.XmlKeywordLogger</class>
  <method>startKeyword</method>
  <thread>1</thread>
  <message>Start action : setText(findTestObject(\&amp;quot;Object Repository/Login/Page_Login - My Store/input_Email address_email\&amp;quot;), email)</message>
  <nestedLevel>1</nestedLevel>
  <property name="startLine">37</property>
  <property name="stepIndex">4</property>
</record>
<record>
  <date>2019-02-18T19:16:53</date>
  <millis>1550497613493</millis>
  <sequence>455</sequence>
  <level>PASSED</level>
  <class>com.kms.katalon.core.logging.XmlKeywordLogger</class>
  <method>logMessage</method>
  <thread>1</thread>
  <message>Text &amp;apos;marybabe@rhyta.com&amp;apos; is set on object &amp;apos;Object Repository/Login/Page_Login - My Store/input_Email address_email&amp;apos;</message>
  <nestedLevel>1</nestedLevel>
</record>
<record>
  <date>2019-02-18T19:16:53</date>
  <millis>1550497613494</millis>
  <sequence>456</sequence>
  <level>END</level>
  <class>com.kms.katalon.core.logging.XmlKeywordLogger</class>
  <method>endKeyword</method>
  <thread>1</thread>
  <message>End action : setText(findTestObject(\&amp;quot;Object Repository/Login/Page_Login - My Store/input_Email address_email\&amp;quot;), email)</message>
  <nestedLevel>1</nestedLevel>
</record>
<record>
  <date>2019-02-18T19:16:53</date>
  <millis>1550497613494</millis>
  <sequence>457</sequence>
  <level>START</level>
  <class>com.kms.katalon.core.logging.XmlKeywordLogger</class>
  <method>startKeyword</method>
  <thread>1</thread>
  <message>Start action : setEncryptedText(findTestObject(\&amp;quot;Object Repository/Login/Page_Login - My Store/input_Password_passwd\&amp;quot;), \&amp;quot;Qe27HTQB17j343ybaklEUQ==\&amp;quot;)</message>
  <nestedLevel>1</nestedLevel>
  <property name="startLine">39</property>
  <property name="stepIndex">5</property>
</record>
<record>
  <date>2019-02-18T19:16:53</date>
  <millis>1550497613687</millis>
  <sequence>466</sequence>
  <level>PASSED</level>
  <class>com.kms.katalon.core.logging.XmlKeywordLogger</class>
  <method>logMessage</method>
  <thread>1</thread>
  <message>Text ****** has been set on object &amp;apos;Object Repository/Login/Page_Login - My Store/input_Password_passwd&amp;apos;</message>
  <nestedLevel>1</nestedLevel>
</record>
<record>
  <date>2019-02-18T19:16:53</date>
  <millis>1550497613695</millis>
  <sequence>467</sequence>
  <level>END</level>
  <class>com.kms.katalon.core.logging.XmlKeywordLogger</class>
  <method>endKeyword</method>
  <thread>1</thread>
  <message>End action : setEncryptedText(findTestObject(\&amp;quot;Object Repository/Login/Page_Login - My Store/input_Password_passwd\&amp;quot;), \&amp;quot;Qe27HTQB17j343ybaklEUQ==\&amp;quot;)</message>
  <nestedLevel>1</nestedLevel>
</record>
<record>
  <date>2019-02-18T19:16:53</date>
  <millis>1550497613696</millis>
  <sequence>468</sequence>
  <level>START</level>
  <class>com.kms.katalon.core.logging.XmlKeywordLogger</class>
  <method>startKeyword</method>
  <thread>1</thread>
  <message>Start action : click(findTestObject(\&amp;quot;Object Repository/Login/Page_Login - My Store/button_Sign in\&amp;quot;))</message>
  <nestedLevel>1</nestedLevel>
  <property name="startLine">41</property>
  <property name="stepIndex">6</property>
</record>
<record>
  <date>2019-02-18T19:16:54</date>
  <millis>1550497614899</millis>
  <sequence>475</sequence>
  <level>PASSED</level>
  <class>com.kms.katalon.core.logging.XmlKeywordLogger</class>
  <method>logMessage</method>
  <thread>1</thread>
  <message>Object: &amp;apos;Object Repository/Login/Page_Login - My Store/button_Sign in&amp;apos; is clicked on</message>
  <nestedLevel>1</nestedLevel>
</record>
<record>
  <date>2019-02-18T19:16:54</date>
  <millis>1550497614900</millis>
  <sequence>476</sequence>
  <level>END</level>
  <class>com.kms.katalon.core.logging.XmlKeywordLogger</class>
  <method>endKeyword</method>
  <thread>1</thread>
  <message>End action : click(findTestObject(\&amp;quot;Object Repository/Login/Page_Login - My Store/button_Sign in\&amp;quot;))</message>
  <nestedLevel>1</nestedLevel>
</record>
<record>
  <date>2019-02-18T19:16:54</date>
  <millis>1550497614900</millis>
  <sequence>477</sequence>
  <level>PASSED</level>
  <class>com.kms.katalon.core.logging.XmlKeywordLogger</class>
  <method>logMessage</method>
  <thread>1</thread>
  <message>Test Cases/TC2_Login</message>
  <nestedLevel>1</nestedLevel>
</record>
<record>
  <date>2019-02-18T19:16:56</date>
  <millis>1550497616986</millis>
  <sequence>478</sequence>
  <level>END</level>
  <class>com.kms.katalon.core.logging.XmlKeywordLogger</class>
  <method>endTest</method>
  <thread>1</thread>
  <message>End Test Case : Test Cases/TC2_Login</message>
  <nestedLevel>0</nestedLevel>
</record>
<record>
  <date>2019-02-18T19:16:58</date>
  <millis>1550497618646</millis>
  <sequence>479</sequence>
  <level>END</level>
  <class>com.kms.katalon.core.logging.XmlKeywordLogger</class>
  <method>endSuite</method>
  <thread>1</thread>
  <message>End Test Suite : Test Suites/TC1</message>
  <nestedLevel>0</nestedLevel>
</record>
</log>
